{"/home/travis/build/npmtest/node-npmtest-node-json-db/test.js":{"path":"/home/travis/build/npmtest/node-npmtest-node-json-db/test.js","s":{"1":2,"2":2,"3":2,"4":2,"5":2,"6":2,"7":2,"8":1,"9":2,"10":2,"11":1,"12":1,"13":1,"14":1,"15":2,"16":2,"17":2,"18":2,"19":1,"20":1,"21":2,"22":2,"23":2,"24":1,"25":1,"26":1,"27":1,"28":1,"29":1,"30":1,"31":1,"32":1,"33":1,"34":1,"35":1,"36":1,"37":1,"38":1,"39":2,"40":2,"41":1,"42":2,"43":2,"44":1,"45":2,"46":2,"47":1,"48":2,"49":2,"50":1,"51":1,"52":1,"53":1,"54":1},"b":{"1":[2,1,1,1],"2":[1,1,1,1],"3":[1,1],"4":[1,1],"5":[1,1],"6":[1,1],"7":[1,1],"8":[1,1],"9":[1,1],"10":[1,1,1],"11":[1,1],"12":[1,1],"13":[1,1],"14":[1,1],"15":[1,1],"16":[1,1],"17":[1,1]},"f":{"1":2,"2":2,"3":2,"4":2,"5":2,"6":1,"7":1,"8":1,"9":2,"10":2,"11":2,"12":2,"13":1},"fnMap":{"1":{"name":"(anonymous_1)","line":12,"loc":{"start":{"line":12,"column":1},"end":{"line":12,"column":13}}},"2":{"name":"(anonymous_2)","line":19,"loc":{"start":{"line":19,"column":5},"end":{"line":19,"column":17}}},"3":{"name":"(anonymous_3)","line":23,"loc":{"start":{"line":23,"column":24},"end":{"line":23,"column":36}}},"4":{"name":"(anonymous_4)","line":61,"loc":{"start":{"line":61,"column":5},"end":{"line":61,"column":17}}},"5":{"name":"(anonymous_5)","line":82,"loc":{"start":{"line":82,"column":5},"end":{"line":82,"column":17}}},"6":{"name":"(anonymous_6)","line":91,"loc":{"start":{"line":91,"column":77},"end":{"line":94,"column":10}}},"7":{"name":"(anonymous_7)","line":112,"loc":{"start":{"line":112,"column":83},"end":{"line":115,"column":10}},"skip":true},"8":{"name":"(anonymous_8)","line":123,"loc":{"start":{"line":123,"column":77},"end":{"line":126,"column":10}},"skip":true},"9":{"name":"(anonymous_9)","line":139,"loc":{"start":{"line":139,"column":12},"end":{"line":139,"column":40}},"skip":true},"10":{"name":"(anonymous_10)","line":147,"loc":{"start":{"line":147,"column":77},"end":{"line":150,"column":10}},"skip":true},"11":{"name":"(anonymous_11)","line":158,"loc":{"start":{"line":158,"column":83},"end":{"line":161,"column":10}},"skip":true},"12":{"name":"(anonymous_12)","line":169,"loc":{"start":{"line":169,"column":79},"end":{"line":172,"column":10}},"skip":true},"13":{"name":"(anonymous_13)","line":180,"loc":{"start":{"line":180,"column":75},"end":{"line":183,"column":10}},"skip":true}},"statementMap":{"1":{"start":{"line":12,"column":0},"end":{"line":195,"column":5}},"2":{"start":{"line":14,"column":4},"end":{"line":14,"column":14}},"3":{"start":{"line":19,"column":4},"end":{"line":56,"column":9}},"4":{"start":{"line":21,"column":8},"end":{"line":21,"column":19}},"5":{"start":{"line":23,"column":8},"end":{"line":35,"column":13}},"6":{"start":{"line":24,"column":12},"end":{"line":34,"column":13}},"7":{"start":{"line":25,"column":16},"end":{"line":28,"column":30}},"8":{"start":{"line":30,"column":16},"end":{"line":33,"column":27}},"9":{"start":{"line":37,"column":8},"end":{"line":39,"column":21}},"10":{"start":{"line":40,"column":8},"end":{"line":53,"column":9}},"11":{"start":{"line":43,"column":12},"end":{"line":46,"column":14}},"12":{"start":{"line":47,"column":12},"end":{"line":47,"column":18}},"13":{"start":{"line":50,"column":12},"end":{"line":51,"column":46}},"14":{"start":{"line":52,"column":12},"end":{"line":52,"column":18}},"15":{"start":{"line":55,"column":8},"end":{"line":55,"column":35}},"16":{"start":{"line":61,"column":4},"end":{"line":63,"column":9}},"17":{"start":{"line":62,"column":8},"end":{"line":62,"column":15}},"18":{"start":{"line":64,"column":4},"end":{"line":77,"column":5}},"19":{"start":{"line":70,"column":8},"end":{"line":70,"column":14}},"20":{"start":{"line":76,"column":8},"end":{"line":76,"column":14}},"21":{"start":{"line":82,"column":4},"end":{"line":84,"column":9}},"22":{"start":{"line":83,"column":8},"end":{"line":83,"column":15}},"23":{"start":{"line":85,"column":4},"end":{"line":194,"column":5}},"24":{"start":{"line":91,"column":8},"end":{"line":99,"column":10}},"25":{"start":{"line":98,"column":12},"end":{"line":98,"column":35}},"26":{"start":{"line":102,"column":8},"end":{"line":104,"column":63}},"27":{"start":{"line":105,"column":8},"end":{"line":105,"column":14}},"28":{"start":{"line":112,"column":8},"end":{"line":121,"column":10},"skip":true},"29":{"start":{"line":119,"column":12},"end":{"line":119,"column":55},"skip":true},"30":{"start":{"line":120,"column":12},"end":{"line":120,"column":48},"skip":true},"31":{"start":{"line":123,"column":8},"end":{"line":136,"column":10},"skip":true},"32":{"start":{"line":130,"column":12},"end":{"line":130,"column":76},"skip":true},"33":{"start":{"line":131,"column":12},"end":{"line":131,"column":73},"skip":true},"34":{"start":{"line":132,"column":12},"end":{"line":132,"column":74},"skip":true},"35":{"start":{"line":133,"column":12},"end":{"line":133,"column":79},"skip":true},"36":{"start":{"line":134,"column":12},"end":{"line":134,"column":25},"skip":true},"37":{"start":{"line":135,"column":12},"end":{"line":135,"column":45},"skip":true},"38":{"start":{"line":138,"column":8},"end":{"line":145,"column":14},"skip":true},"39":{"start":{"line":143,"column":16},"end":{"line":143,"column":29},"skip":true},"40":{"start":{"line":144,"column":16},"end":{"line":144,"column":55},"skip":true},"41":{"start":{"line":147,"column":8},"end":{"line":156,"column":10},"skip":true},"42":{"start":{"line":154,"column":12},"end":{"line":154,"column":25},"skip":true},"43":{"start":{"line":155,"column":12},"end":{"line":155,"column":45},"skip":true},"44":{"start":{"line":158,"column":8},"end":{"line":167,"column":10},"skip":true},"45":{"start":{"line":165,"column":12},"end":{"line":165,"column":25},"skip":true},"46":{"start":{"line":166,"column":12},"end":{"line":166,"column":48},"skip":true},"47":{"start":{"line":169,"column":8},"end":{"line":178,"column":10},"skip":true},"48":{"start":{"line":176,"column":12},"end":{"line":176,"column":25},"skip":true},"49":{"start":{"line":177,"column":12},"end":{"line":177,"column":46},"skip":true},"50":{"start":{"line":180,"column":8},"end":{"line":189,"column":10},"skip":true},"51":{"start":{"line":187,"column":12},"end":{"line":187,"column":94},"skip":true},"52":{"start":{"line":188,"column":12},"end":{"line":188,"column":48},"skip":true},"53":{"start":{"line":192,"column":8},"end":{"line":192,"column":35},"skip":true},"54":{"start":{"line":193,"column":8},"end":{"line":193,"column":14},"skip":true}},"branchMap":{"1":{"line":25,"type":"binary-expr","locations":[{"start":{"line":25,"column":23},"end":{"line":25,"column":62}},{"start":{"line":26,"column":20},"end":{"line":26,"column":70}},{"start":{"line":27,"column":20},"end":{"line":27,"column":71}},{"start":{"line":28,"column":20},"end":{"line":28,"column":29}}]},"2":{"line":30,"type":"binary-expr","locations":[{"start":{"line":30,"column":23},"end":{"line":30,"column":37}},{"start":{"line":31,"column":20},"end":{"line":31,"column":61}},{"start":{"line":32,"column":20},"end":{"line":32,"column":70}},{"start":{"line":33,"column":20},"end":{"line":33,"column":26}}]},"3":{"line":37,"type":"cond-expr","locations":[{"start":{"line":38,"column":14},"end":{"line":38,"column":20}},{"start":{"line":39,"column":14},"end":{"line":39,"column":20}}]},"4":{"line":40,"type":"switch","locations":[{"start":{"line":42,"column":8},"end":{"line":47,"column":18}},{"start":{"line":49,"column":8},"end":{"line":52,"column":18}}]},"5":{"line":44,"type":"binary-expr","locations":[{"start":{"line":44,"column":16},"end":{"line":44,"column":44}},{"start":{"line":44,"column":48},"end":{"line":44,"column":66}}]},"6":{"line":50,"type":"binary-expr","locations":[{"start":{"line":50,"column":21},"end":{"line":50,"column":49}},{"start":{"line":50,"column":53},"end":{"line":50,"column":72}}]},"7":{"line":64,"type":"switch","locations":[{"start":{"line":69,"column":4},"end":{"line":70,"column":14}},{"start":{"line":75,"column":4},"end":{"line":76,"column":14}}]},"8":{"line":85,"type":"switch","locations":[{"start":{"line":90,"column":4},"end":{"line":105,"column":14}},{"start":{"line":111,"column":4},"end":{"line":193,"column":14},"skip":true}]},"9":{"line":91,"type":"binary-expr","locations":[{"start":{"line":91,"column":42},"end":{"line":91,"column":73}},{"start":{"line":91,"column":77},"end":{"line":99,"column":9}}]},"10":{"line":102,"type":"binary-expr","locations":[{"start":{"line":102,"column":18},"end":{"line":102,"column":32}},{"start":{"line":103,"column":12},"end":{"line":103,"column":53}},{"start":{"line":104,"column":12},"end":{"line":104,"column":61}}]},"11":{"line":112,"type":"binary-expr","locations":[{"start":{"line":112,"column":45},"end":{"line":112,"column":79},"skip":true},{"start":{"line":112,"column":83},"end":{"line":121,"column":9},"skip":true}]},"12":{"line":123,"type":"binary-expr","locations":[{"start":{"line":123,"column":42},"end":{"line":123,"column":73},"skip":true},{"start":{"line":123,"column":77},"end":{"line":136,"column":9},"skip":true}]},"13":{"line":138,"type":"binary-expr","locations":[{"start":{"line":138,"column":48},"end":{"line":138,"column":85},"skip":true},{"start":{"line":139,"column":12},"end":{"line":145,"column":13},"skip":true}]},"14":{"line":147,"type":"binary-expr","locations":[{"start":{"line":147,"column":42},"end":{"line":147,"column":73},"skip":true},{"start":{"line":147,"column":77},"end":{"line":156,"column":9},"skip":true}]},"15":{"line":158,"type":"binary-expr","locations":[{"start":{"line":158,"column":45},"end":{"line":158,"column":79},"skip":true},{"start":{"line":158,"column":83},"end":{"line":167,"column":9},"skip":true}]},"16":{"line":169,"type":"binary-expr","locations":[{"start":{"line":169,"column":43},"end":{"line":169,"column":75},"skip":true},{"start":{"line":169,"column":79},"end":{"line":178,"column":9},"skip":true}]},"17":{"line":180,"type":"binary-expr","locations":[{"start":{"line":180,"column":41},"end":{"line":180,"column":71},"skip":true},{"start":{"line":180,"column":75},"end":{"line":189,"column":9},"skip":true}]}},"code":["/* istanbul instrument in package npmtest_node_json_db */","/*jslint","    bitwise: true,","    browser: true,","    maxerr: 8,","    maxlen: 96,","    node: true,","    nomen: true,","    regexp: true,","    stupid: true","*/","(function () {","    'use strict';","    var local;","","","","    // run shared js-env code - pre-init","    (function () {","        // init local","        local = {};","        // init modeJs","        local.modeJs = (function () {","            try {","                return typeof navigator.userAgent === 'string' &&","                    typeof document.querySelector('body') === 'object' &&","                    typeof XMLHttpRequest.prototype.open === 'function' &&","                    'browser';","            } catch (errorCaughtBrowser) {","                return module.exports &&","                    typeof process.versions.node === 'string' &&","                    typeof require('http').createServer === 'function' &&","                    'node';","            }","        }());","        // init global","        local.global = local.modeJs === 'browser'","            ? window","            : global;","        switch (local.modeJs) {","        // re-init local from window.local","        case 'browser':","            local = local.global.utility2.objectSetDefault(","                local.global.utility2_rollup || local.global.local,","                local.global.utility2","            );","            break;","        // re-init local from example.js","        case 'node':","            local = (local.global.utility2_rollup || require('utility2'))","                .requireExampleJsFromReadme();","            break;","        }","        // export local","        local.global.local = local;","    }());","","","","    // run shared js-env code - function","    (function () {","        return;","    }());","    switch (local.modeJs) {","","","","    // run browser js-env code - function","    case 'browser':","        break;","","","","    // run node js-env code - function","    case 'node':","        break;","    }","","","","    // run shared js-env code - post-init","    (function () {","        return;","    }());","    switch (local.modeJs) {","","","","    // run browser js-env code - post-init","    case 'browser':","        local.testCase_browser_nullCase = local.testCase_browser_nullCase || function (","            options,","            onError","        ) {","        /*","         * this function will test browsers's null-case handling-behavior-behavior","         */","            onError(null, options);","        };","","        // run tests","        local.nop(local.modeTest &&","            document.querySelector('#testRunButton1') &&","            document.querySelector('#testRunButton1').click());","        break;","","","","    // run node js-env code - post-init","    /* istanbul ignore next */","    case 'node':","        local.testCase_buildApidoc_default = local.testCase_buildApidoc_default || function (","            options,","            onError","        ) {","        /*","         * this function will test buildApidoc's default handling-behavior-behavior","         */","            options = { modulePathList: module.paths };","            local.buildApidoc(options, onError);","        };","","        local.testCase_buildApp_default = local.testCase_buildApp_default || function (","            options,","            onError","        ) {","        /*","         * this function will test buildApp's default handling-behavior-behavior","         */","            local.testCase_buildReadme_default(options, local.onErrorThrow);","            local.testCase_buildLib_default(options, local.onErrorThrow);","            local.testCase_buildTest_default(options, local.onErrorThrow);","            local.testCase_buildCustomOrg_default(options, local.onErrorThrow);","            options = [];","            local.buildApp(options, onError);","        };","","        local.testCase_buildCustomOrg_default = local.testCase_buildCustomOrg_default ||","            function (options, onError) {","            /*","             * this function will test buildCustomOrg's default handling-behavior","             */","                options = {};","                local.buildCustomOrg(options, onError);","            };","","        local.testCase_buildLib_default = local.testCase_buildLib_default || function (","            options,","            onError","        ) {","        /*","         * this function will test buildLib's default handling-behavior","         */","            options = {};","            local.buildLib(options, onError);","        };","","        local.testCase_buildReadme_default = local.testCase_buildReadme_default || function (","            options,","            onError","        ) {","        /*","         * this function will test buildReadme's default handling-behavior-behavior","         */","            options = {};","            local.buildReadme(options, onError);","        };","","        local.testCase_buildTest_default = local.testCase_buildTest_default || function (","            options,","            onError","        ) {","        /*","         * this function will test buildTest's default handling-behavior","         */","            options = {};","            local.buildTest(options, onError);","        };","","        local.testCase_webpage_default = local.testCase_webpage_default || function (","            options,","            onError","        ) {","        /*","         * this function will test webpage's default handling-behavior","         */","            options = { modeCoverageMerge: true, url: local.serverLocalHost + '?modeTest=1' };","            local.browserTest(options, onError);","        };","","        // run test-server","        local.testRunServer(local);","        break;","    }","}());",""],"l":{"12":2,"14":2,"19":2,"21":2,"23":2,"24":2,"25":2,"30":1,"37":2,"40":2,"43":1,"47":1,"50":1,"52":1,"55":2,"61":2,"62":2,"64":2,"70":1,"76":1,"82":2,"83":2,"85":2,"91":1,"98":1,"102":1,"105":1,"112":1,"119":1,"120":1,"123":1,"130":1,"131":1,"132":1,"133":1,"134":1,"135":1,"138":1,"143":2,"144":2,"147":1,"154":2,"155":2,"158":1,"165":2,"166":2,"169":1,"176":2,"177":2,"180":1,"187":1,"188":1,"192":1,"193":1}},"/home/travis/build/npmtest/node-npmtest-node-json-db/lib.npmtest_node_json_db.js":{"path":"/home/travis/build/npmtest/node-npmtest-node-json-db/lib.npmtest_node_json_db.js","s":{"1":2,"2":2,"3":2,"4":2,"5":2,"6":2,"7":2,"8":1,"9":2,"10":2,"11":2,"12":2,"13":1,"14":1,"15":1,"16":1},"b":{"1":[2,1,1,1],"2":[1,1,1,1],"3":[1,1],"4":[2,2],"5":[1,1]},"f":{"1":2,"2":2,"3":2},"fnMap":{"1":{"name":"(anonymous_1)","line":12,"loc":{"start":{"line":12,"column":1},"end":{"line":12,"column":13}}},"2":{"name":"(anonymous_2)","line":19,"loc":{"start":{"line":19,"column":5},"end":{"line":19,"column":17}}},"3":{"name":"(anonymous_3)","line":23,"loc":{"start":{"line":23,"column":24},"end":{"line":23,"column":36}}}},"statementMap":{"1":{"start":{"line":12,"column":0},"end":{"line":53,"column":5}},"2":{"start":{"line":14,"column":4},"end":{"line":14,"column":14}},"3":{"start":{"line":19,"column":4},"end":{"line":52,"column":9}},"4":{"start":{"line":21,"column":8},"end":{"line":21,"column":19}},"5":{"start":{"line":23,"column":8},"end":{"line":35,"column":13}},"6":{"start":{"line":24,"column":12},"end":{"line":34,"column":13}},"7":{"start":{"line":25,"column":16},"end":{"line":28,"column":30}},"8":{"start":{"line":30,"column":16},"end":{"line":33,"column":27}},"9":{"start":{"line":37,"column":8},"end":{"line":39,"column":21}},"10":{"start":{"line":41,"column":8},"end":{"line":41,"column":54}},"11":{"start":{"line":43,"column":8},"end":{"line":43,"column":57}},"12":{"start":{"line":45,"column":8},"end":{"line":51,"column":9}},"13":{"start":{"line":46,"column":12},"end":{"line":46,"column":63}},"14":{"start":{"line":48,"column":12},"end":{"line":48,"column":35}},"15":{"start":{"line":49,"column":12},"end":{"line":49,"column":49}},"16":{"start":{"line":50,"column":12},"end":{"line":50,"column":43}}},"branchMap":{"1":{"line":25,"type":"binary-expr","locations":[{"start":{"line":25,"column":23},"end":{"line":25,"column":62}},{"start":{"line":26,"column":20},"end":{"line":26,"column":70}},{"start":{"line":27,"column":20},"end":{"line":27,"column":71}},{"start":{"line":28,"column":20},"end":{"line":28,"column":29}}]},"2":{"line":30,"type":"binary-expr","locations":[{"start":{"line":30,"column":23},"end":{"line":30,"column":37}},{"start":{"line":31,"column":20},"end":{"line":31,"column":61}},{"start":{"line":32,"column":20},"end":{"line":32,"column":70}},{"start":{"line":33,"column":20},"end":{"line":33,"column":26}}]},"3":{"line":37,"type":"cond-expr","locations":[{"start":{"line":38,"column":14},"end":{"line":38,"column":20}},{"start":{"line":39,"column":14},"end":{"line":39,"column":20}}]},"4":{"line":41,"type":"binary-expr","locations":[{"start":{"line":41,"column":16},"end":{"line":41,"column":44}},{"start":{"line":41,"column":48},"end":{"line":41,"column":53}}]},"5":{"line":45,"type":"if","locations":[{"start":{"line":45,"column":8},"end":{"line":45,"column":8}},{"start":{"line":45,"column":8},"end":{"line":45,"column":8}}]}},"code":["/* istanbul instrument in package npmtest_node_json_db */","/*jslint","    bitwise: true,","    browser: true,","    maxerr: 8,","    maxlen: 96,","    node: true,","    nomen: true,","    regexp: true,","    stupid: true","*/","(function () {","    'use strict';","    var local;","","","","    // run shared js-env code - pre-init","    (function () {","        // init local","        local = {};","        // init modeJs","        local.modeJs = (function () {","            try {","                return typeof navigator.userAgent === 'string' &&","                    typeof document.querySelector('body') === 'object' &&","                    typeof XMLHttpRequest.prototype.open === 'function' &&","                    'browser';","            } catch (errorCaughtBrowser) {","                return module.exports &&","                    typeof process.versions.node === 'string' &&","                    typeof require('http').createServer === 'function' &&","                    'node';","            }","        }());","        // init global","        local.global = local.modeJs === 'browser'","            ? window","            : global;","        // init utility2_rollup","        local = local.global.utility2_rollup || local;","        // init lib","        local.local = local.npmtest_node_json_db = local;","        // init exports","        if (local.modeJs === 'browser') {","            local.global.utility2_npmtest_node_json_db = local;","        } else {","            module.exports = local;","            module.exports.__dirname = __dirname;","            module.exports.module = module;","        }","    }());","}());",""],"l":{"12":2,"14":2,"19":2,"21":2,"23":2,"24":2,"25":2,"30":1,"37":2,"41":2,"43":2,"45":2,"46":1,"48":1,"49":1,"50":1}},"/home/travis/build/npmtest/node-npmtest-node-json-db/example.js":{"path":"/home/travis/build/npmtest/node-npmtest-node-json-db/example.js","s":{"1":2,"2":2,"3":2,"4":2,"5":2,"6":2,"7":2,"8":1,"9":2,"10":2,"11":2,"12":2,"13":1,"14":2,"15":2,"16":2,"17":2,"18":2,"19":0,"20":2,"21":1,"22":1,"23":1,"24":1,"25":1,"26":0,"27":0,"28":1,"29":1,"30":2,"31":0,"32":0,"33":0,"34":1,"35":2,"36":2,"37":3,"38":3,"39":3,"40":3,"41":0,"42":3,"43":3,"44":3,"45":1,"46":3,"47":1,"48":1,"49":1,"50":1,"51":1,"52":1,"53":1,"54":1,"55":1,"56":1,"57":0,"58":1,"59":6,"60":6,"61":1,"62":2,"63":0,"64":2,"65":1,"66":1,"67":0,"68":0,"69":0,"70":0,"71":0,"72":0,"73":0,"74":0,"75":0,"76":0,"77":0,"78":0,"79":0,"80":0,"81":0,"82":0,"83":0},"b":{"1":[2,1,1,1],"2":[1,1,1,1],"3":[1,1],"4":[2,2],"5":[1,1],"6":[1,1],"7":[2,0],"8":[2,1,1,1,1,1],"9":[0,2,0],"10":[1,1],"11":[2,1,1],"12":[1,0],"13":[0,2],"14":[2,0,0,0,0,0,0],"15":[0,3],"16":[3,0],"17":[1,1],"18":[0,1],"19":[1,2,0,2],"20":[1,0],"21":[1,1],"22":[0,0],"23":[0,0],"24":[0,0],"25":[0,0],"26":[0,0],"27":[0,0],"28":[0,0]},"f":{"1":2,"2":2,"3":2,"4":2,"5":2,"6":2,"7":3,"8":3,"9":3,"10":1,"11":6,"12":0},"fnMap":{"1":{"name":"(anonymous_1)","line":26,"loc":{"start":{"line":26,"column":1},"end":{"line":26,"column":13}}},"2":{"name":"(anonymous_2)","line":33,"loc":{"start":{"line":33,"column":5},"end":{"line":33,"column":17}}},"3":{"name":"(anonymous_3)","line":37,"loc":{"start":{"line":37,"column":24},"end":{"line":37,"column":36}}},"4":{"name":"(anonymous_4)","line":69,"loc":{"start":{"line":69,"column":31},"end":{"line":69,"column":48}},"skip":true},"5":{"name":"(anonymous_5)","line":78,"loc":{"start":{"line":78,"column":26},"end":{"line":78,"column":45}},"skip":true},"6":{"name":"(anonymous_6)","line":123,"loc":{"start":{"line":123,"column":33},"end":{"line":123,"column":48}},"skip":true},"7":{"name":"(anonymous_7)","line":125,"loc":{"start":{"line":125,"column":27},"end":{"line":125,"column":39}},"skip":true},"8":{"name":"(anonymous_8)","line":133,"loc":{"start":{"line":133,"column":59},"end":{"line":133,"column":74}},"skip":true},"9":{"name":"(anonymous_9)","line":143,"loc":{"start":{"line":143,"column":45},"end":{"line":143,"column":62}},"skip":true},"10":{"name":"(anonymous_10)","line":144,"loc":{"start":{"line":144,"column":73},"end":{"line":144,"column":92}},"skip":true},"11":{"name":"(anonymous_11)","line":272,"loc":{"start":{"line":272,"column":51},"end":{"line":272,"column":77}},"skip":true},"12":{"name":"(anonymous_12)","line":315,"loc":{"start":{"line":315,"column":32},"end":{"line":315,"column":61}},"skip":true}},"statementMap":{"1":{"start":{"line":26,"column":0},"end":{"line":326,"column":5}},"2":{"start":{"line":28,"column":4},"end":{"line":28,"column":14}},"3":{"start":{"line":33,"column":4},"end":{"line":60,"column":9}},"4":{"start":{"line":35,"column":8},"end":{"line":35,"column":19}},"5":{"start":{"line":37,"column":8},"end":{"line":49,"column":13}},"6":{"start":{"line":38,"column":12},"end":{"line":48,"column":13}},"7":{"start":{"line":39,"column":16},"end":{"line":42,"column":30}},"8":{"start":{"line":44,"column":16},"end":{"line":47,"column":27}},"9":{"start":{"line":51,"column":8},"end":{"line":53,"column":21}},"10":{"start":{"line":55,"column":8},"end":{"line":57,"column":45}},"11":{"start":{"line":59,"column":8},"end":{"line":59,"column":35}},"12":{"start":{"line":61,"column":4},"end":{"line":325,"column":5}},"13":{"start":{"line":69,"column":8},"end":{"line":121,"column":10},"skip":true},"14":{"start":{"line":70,"column":12},"end":{"line":88,"column":13},"skip":true},"15":{"start":{"line":76,"column":16},"end":{"line":87,"column":19},"skip":true},"16":{"start":{"line":79,"column":20},"end":{"line":86,"column":21},"skip":true},"17":{"start":{"line":82,"column":24},"end":{"line":82,"column":43},"skip":true},"18":{"start":{"line":83,"column":24},"end":{"line":83,"column":30},"skip":true},"19":{"start":{"line":85,"column":24},"end":{"line":85,"column":49},"skip":true},"20":{"start":{"line":89,"column":12},"end":{"line":107,"column":13},"skip":true},"21":{"start":{"line":92,"column":16},"end":{"line":102,"column":17},"skip":true},"22":{"start":{"line":93,"column":20},"end":{"line":93,"column":86},"skip":true},"23":{"start":{"line":94,"column":20},"end":{"line":95,"column":45},"skip":true},"24":{"start":{"line":96,"column":20},"end":{"line":96,"column":42},"skip":true},"25":{"start":{"line":97,"column":20},"end":{"line":97,"column":48},"skip":true},"26":{"start":{"line":100,"column":20},"end":{"line":100,"column":85},"skip":true},"27":{"start":{"line":101,"column":20},"end":{"line":101,"column":96},"skip":true},"28":{"start":{"line":103,"column":16},"end":{"line":103,"column":22},"skip":true},"29":{"start":{"line":106,"column":16},"end":{"line":106,"column":22},"skip":true},"30":{"start":{"line":108,"column":12},"end":{"line":120,"column":13},"skip":true},"31":{"start":{"line":114,"column":16},"end":{"line":119,"column":17},"skip":true},"32":{"start":{"line":116,"column":20},"end":{"line":116,"column":78},"skip":true},"33":{"start":{"line":118,"column":20},"end":{"line":118,"column":47},"skip":true},"34":{"start":{"line":123,"column":8},"end":{"line":141,"column":11},"skip":true},"35":{"start":{"line":124,"column":12},"end":{"line":124,"column":54},"skip":true},"36":{"start":{"line":125,"column":12},"end":{"line":140,"column":14},"skip":true},"37":{"start":{"line":126,"column":16},"end":{"line":126,"column":28},"skip":true},"38":{"start":{"line":127,"column":16},"end":{"line":127,"column":69},"skip":true},"39":{"start":{"line":128,"column":16},"end":{"line":128,"column":75},"skip":true},"40":{"start":{"line":129,"column":16},"end":{"line":131,"column":17},"skip":true},"41":{"start":{"line":130,"column":20},"end":{"line":130,"column":27},"skip":true},"42":{"start":{"line":133,"column":16},"end":{"line":137,"column":36},"skip":true},"43":{"start":{"line":134,"column":20},"end":{"line":136,"column":55},"skip":true},"44":{"start":{"line":139,"column":16},"end":{"line":139,"column":57},"skip":true},"45":{"start":{"line":143,"column":8},"end":{"line":147,"column":11},"skip":true},"46":{"start":{"line":144,"column":12},"end":{"line":146,"column":15},"skip":true},"47":{"start":{"line":145,"column":16},"end":{"line":145,"column":70},"skip":true},"48":{"start":{"line":149,"column":8},"end":{"line":149,"column":31},"skip":true},"49":{"start":{"line":150,"column":8},"end":{"line":150,"column":14},"skip":true},"50":{"start":{"line":158,"column":8},"end":{"line":158,"column":31},"skip":true},"51":{"start":{"line":160,"column":8},"end":{"line":160,"column":33},"skip":true},"52":{"start":{"line":161,"column":8},"end":{"line":161,"column":37},"skip":true},"53":{"start":{"line":162,"column":8},"end":{"line":162,"column":35},"skip":true},"54":{"start":{"line":164,"column":8},"end":{"line":164,"column":50},"skip":true},"55":{"start":{"line":166,"column":8},"end":{"line":256,"column":2},"skip":true},"56":{"start":{"line":258,"column":8},"end":{"line":286,"column":9},"skip":true},"57":{"start":{"line":259,"column":12},"end":{"line":269,"column":14},"skip":true},"58":{"start":{"line":271,"column":12},"end":{"line":285,"column":19},"skip":true},"59":{"start":{"line":274,"column":20},"end":{"line":274,"column":35},"skip":true},"60":{"start":{"line":275,"column":20},"end":{"line":284,"column":21},"skip":true},"61":{"start":{"line":277,"column":24},"end":{"line":277,"column":64},"skip":true},"62":{"start":{"line":279,"column":24},"end":{"line":279,"column":40},"skip":true},"63":{"start":{"line":281,"column":24},"end":{"line":281,"column":40},"skip":true},"64":{"start":{"line":283,"column":24},"end":{"line":283,"column":39},"skip":true},"65":{"start":{"line":288,"column":8},"end":{"line":290,"column":9},"skip":true},"66":{"start":{"line":289,"column":12},"end":{"line":289,"column":18},"skip":true},"67":{"start":{"line":291,"column":8},"end":{"line":293,"column":54},"skip":true},"68":{"start":{"line":296,"column":8},"end":{"line":301,"column":37},"skip":true},"69":{"start":{"line":303,"column":8},"end":{"line":303,"column":82},"skip":true},"70":{"start":{"line":306,"column":8},"end":{"line":308,"column":9},"skip":true},"71":{"start":{"line":307,"column":12},"end":{"line":307,"column":82},"skip":true},"72":{"start":{"line":310,"column":8},"end":{"line":312,"column":9},"skip":true},"73":{"start":{"line":311,"column":12},"end":{"line":311,"column":18},"skip":true},"74":{"start":{"line":313,"column":8},"end":{"line":313,"column":54},"skip":true},"75":{"start":{"line":314,"column":8},"end":{"line":314,"column":69},"skip":true},"76":{"start":{"line":315,"column":8},"end":{"line":323,"column":36},"skip":true},"77":{"start":{"line":316,"column":12},"end":{"line":316,"column":61},"skip":true},"78":{"start":{"line":317,"column":12},"end":{"line":320,"column":13},"skip":true},"79":{"start":{"line":318,"column":16},"end":{"line":318,"column":75},"skip":true},"80":{"start":{"line":319,"column":16},"end":{"line":319,"column":23},"skip":true},"81":{"start":{"line":321,"column":12},"end":{"line":321,"column":38},"skip":true},"82":{"start":{"line":322,"column":12},"end":{"line":322,"column":27},"skip":true},"83":{"start":{"line":324,"column":8},"end":{"line":324,"column":14},"skip":true}},"branchMap":{"1":{"line":39,"type":"binary-expr","locations":[{"start":{"line":39,"column":23},"end":{"line":39,"column":62}},{"start":{"line":40,"column":20},"end":{"line":40,"column":70}},{"start":{"line":41,"column":20},"end":{"line":41,"column":71}},{"start":{"line":42,"column":20},"end":{"line":42,"column":29}}]},"2":{"line":44,"type":"binary-expr","locations":[{"start":{"line":44,"column":23},"end":{"line":44,"column":37}},{"start":{"line":45,"column":20},"end":{"line":45,"column":61}},{"start":{"line":46,"column":20},"end":{"line":46,"column":70}},{"start":{"line":47,"column":20},"end":{"line":47,"column":26}}]},"3":{"line":51,"type":"cond-expr","locations":[{"start":{"line":52,"column":14},"end":{"line":52,"column":20}},{"start":{"line":53,"column":14},"end":{"line":53,"column":20}}]},"4":{"line":55,"type":"binary-expr","locations":[{"start":{"line":55,"column":16},"end":{"line":55,"column":44}},{"start":{"line":55,"column":49},"end":{"line":57,"column":43}}]},"5":{"line":55,"type":"cond-expr","locations":[{"start":{"line":56,"column":14},"end":{"line":56,"column":56}},{"start":{"line":57,"column":14},"end":{"line":57,"column":43}}]},"6":{"line":61,"type":"switch","locations":[{"start":{"line":68,"column":4},"end":{"line":150,"column":14},"skip":true},{"start":{"line":156,"column":4},"end":{"line":324,"column":14},"skip":true}]},"7":{"line":70,"type":"if","locations":[{"start":{"line":70,"column":12},"end":{"line":70,"column":12},"skip":true},{"start":{"line":70,"column":12},"end":{"line":70,"column":12},"skip":true}]},"8":{"line":70,"type":"binary-expr","locations":[{"start":{"line":70,"column":16},"end":{"line":70,"column":22},"skip":true},{"start":{"line":70,"column":27},"end":{"line":70,"column":32},"skip":true},{"start":{"line":71,"column":20},"end":{"line":71,"column":39},"skip":true},{"start":{"line":72,"column":20},"end":{"line":72,"column":49},"skip":true},{"start":{"line":73,"column":20},"end":{"line":73,"column":58},"skip":true},{"start":{"line":74,"column":20},"end":{"line":74,"column":69},"skip":true}]},"9":{"line":79,"type":"switch","locations":[{"start":{"line":80,"column":20},"end":{"line":80,"column":33},"skip":true},{"start":{"line":81,"column":20},"end":{"line":83,"column":30},"skip":true},{"start":{"line":84,"column":20},"end":{"line":85,"column":49},"skip":true}]},"10":{"line":89,"type":"switch","locations":[{"start":{"line":90,"column":12},"end":{"line":103,"column":22},"skip":true},{"start":{"line":105,"column":12},"end":{"line":106,"column":22},"skip":true}]},"11":{"line":89,"type":"binary-expr","locations":[{"start":{"line":89,"column":20},"end":{"line":89,"column":25},"skip":true},{"start":{"line":89,"column":29},"end":{"line":89,"column":48},"skip":true},{"start":{"line":89,"column":52},"end":{"line":89,"column":74},"skip":true}]},"12":{"line":92,"type":"if","locations":[{"start":{"line":92,"column":16},"end":{"line":92,"column":16},"skip":true},{"start":{"line":92,"column":16},"end":{"line":92,"column":16},"skip":true}]},"13":{"line":108,"type":"if","locations":[{"start":{"line":108,"column":12},"end":{"line":108,"column":12},"skip":true},{"start":{"line":108,"column":12},"end":{"line":108,"column":12},"skip":true}]},"14":{"line":108,"type":"binary-expr","locations":[{"start":{"line":108,"column":16},"end":{"line":108,"column":61},"skip":true},{"start":{"line":108,"column":66},"end":{"line":108,"column":72},"skip":true},{"start":{"line":108,"column":77},"end":{"line":108,"column":82},"skip":true},{"start":{"line":109,"column":20},"end":{"line":109,"column":39},"skip":true},{"start":{"line":110,"column":20},"end":{"line":110,"column":49},"skip":true},{"start":{"line":111,"column":20},"end":{"line":111,"column":58},"skip":true},{"start":{"line":112,"column":20},"end":{"line":112,"column":68},"skip":true}]},"15":{"line":129,"type":"if","locations":[{"start":{"line":129,"column":16},"end":{"line":129,"column":16},"skip":true},{"start":{"line":129,"column":16},"end":{"line":129,"column":16},"skip":true}]},"16":{"line":134,"type":"cond-expr","locations":[{"start":{"line":135,"column":26},"end":{"line":135,"column":29},"skip":true},{"start":{"line":136,"column":26},"end":{"line":136,"column":54},"skip":true}]},"17":{"line":164,"type":"binary-expr","locations":[{"start":{"line":164,"column":27},"end":{"line":164,"column":43},"skip":true},{"start":{"line":164,"column":47},"end":{"line":164,"column":49},"skip":true}]},"18":{"line":258,"type":"if","locations":[{"start":{"line":258,"column":8},"end":{"line":258,"column":8},"skip":true},{"start":{"line":258,"column":8},"end":{"line":258,"column":8},"skip":true}]},"19":{"line":275,"type":"switch","locations":[{"start":{"line":276,"column":20},"end":{"line":277,"column":64},"skip":true},{"start":{"line":278,"column":20},"end":{"line":279,"column":40},"skip":true},{"start":{"line":280,"column":20},"end":{"line":281,"column":40},"skip":true},{"start":{"line":282,"column":20},"end":{"line":283,"column":39},"skip":true}]},"20":{"line":288,"type":"if","locations":[{"start":{"line":288,"column":8},"end":{"line":288,"column":8},"skip":true},{"start":{"line":288,"column":8},"end":{"line":288,"column":8},"skip":true}]},"21":{"line":288,"type":"binary-expr","locations":[{"start":{"line":288,"column":12},"end":{"line":288,"column":40},"skip":true},{"start":{"line":288,"column":44},"end":{"line":288,"column":67},"skip":true}]},"22":{"line":292,"type":"binary-expr","locations":[{"start":{"line":292,"column":12},"end":{"line":292,"column":50},"skip":true},{"start":{"line":293,"column":12},"end":{"line":293,"column":53},"skip":true}]},"23":{"line":297,"type":"binary-expr","locations":[{"start":{"line":297,"column":12},"end":{"line":297,"column":70},"skip":true},{"start":{"line":298,"column":12},"end":{"line":301,"column":36},"skip":true}]},"24":{"line":303,"type":"binary-expr","locations":[{"start":{"line":303,"column":43},"end":{"line":303,"column":75},"skip":true},{"start":{"line":303,"column":79},"end":{"line":303,"column":81},"skip":true}]},"25":{"line":306,"type":"if","locations":[{"start":{"line":306,"column":8},"end":{"line":306,"column":8},"skip":true},{"start":{"line":306,"column":8},"end":{"line":306,"column":8},"skip":true}]},"26":{"line":310,"type":"if","locations":[{"start":{"line":310,"column":8},"end":{"line":310,"column":8},"skip":true},{"start":{"line":310,"column":8},"end":{"line":310,"column":8},"skip":true}]},"27":{"line":313,"type":"binary-expr","locations":[{"start":{"line":313,"column":27},"end":{"line":313,"column":43},"skip":true},{"start":{"line":313,"column":47},"end":{"line":313,"column":53},"skip":true}]},"28":{"line":317,"type":"if","locations":[{"start":{"line":317,"column":12},"end":{"line":317,"column":12},"skip":true},{"start":{"line":317,"column":12},"end":{"line":317,"column":12},"skip":true}]}},"code":["/*","example.js","","quickstart example","","instruction","    1. save this script as example.js","    2. run the shell command:","        $ npm install npmtest-node-json-db && PORT=8081 node example.js","    3. play with the browser-demo on http://127.0.0.1:8081","*/","","","","/* istanbul instrument in package npmtest_node_json_db */","/*jslint","    bitwise: true,","    browser: true,","    maxerr: 8,","    maxlen: 96,","    node: true,","    nomen: true,","    regexp: true,","    stupid: true","*/","(function () {","    'use strict';","    var local;","","","","    // run shared js-env code - pre-init","    (function () {","        // init local","        local = {};","        // init modeJs","        local.modeJs = (function () {","            try {","                return typeof navigator.userAgent === 'string' &&","                    typeof document.querySelector('body') === 'object' &&","                    typeof XMLHttpRequest.prototype.open === 'function' &&","                    'browser';","            } catch (errorCaughtBrowser) {","                return module.exports &&","                    typeof process.versions.node === 'string' &&","                    typeof require('http').createServer === 'function' &&","                    'node';","            }","        }());","        // init global","        local.global = local.modeJs === 'browser'","            ? window","            : global;","        // init utility2_rollup","        local = local.global.utility2_rollup || (local.modeJs === 'browser'","            ? local.global.utility2_npmtest_node_json_db","            : global.utility2_moduleExports);","        // export local","        local.global.local = local;","    }());","    switch (local.modeJs) {","","","","    // post-init","    // run browser js-env code - post-init","    /* istanbul ignore next */","    case 'browser':","        local.testRunBrowser = function (event) {","            if (!event || (event &&","                    event.currentTarget &&","                    event.currentTarget.className &&","                    event.currentTarget.className.includes &&","                    event.currentTarget.className.includes('onreset'))) {","                // reset output","                Array.from(","                    document.querySelectorAll('body > .resettable')","                ).forEach(function (element) {","                    switch (element.tagName) {","                    case 'INPUT':","                    case 'TEXTAREA':","                        element.value = '';","                        break;","                    default:","                        element.textContent = '';","                    }","                });","            }","            switch (event && event.currentTarget && event.currentTarget.id) {","            case 'testRunButton1':","                // show tests","                if (document.querySelector('#testReportDiv1').style.display === 'none') {","                    document.querySelector('#testReportDiv1').style.display = 'block';","                    document.querySelector('#testRunButton1').textContent =","                        'hide internal test';","                    local.modeTest = true;","                    local.testRunDefault(local);","                // hide tests","                } else {","                    document.querySelector('#testReportDiv1').style.display = 'none';","                    document.querySelector('#testRunButton1').textContent = 'run internal test';","                }","                break;","            // custom-case","            default:","                break;","            }","            if (document.querySelector('#inputTextareaEval1') && (!event || (event &&","                    event.currentTarget &&","                    event.currentTarget.className &&","                    event.currentTarget.className.includes &&","                    event.currentTarget.className.includes('oneval')))) {","                // try to eval input-code","                try {","                    /*jslint evil: true*/","                    eval(document.querySelector('#inputTextareaEval1').value);","                } catch (errorCaught) {","                    console.error(errorCaught);","                }","            }","        };","        // log stderr and stdout to #outputTextareaStdout1","        ['error', 'log'].forEach(function (key) {","            console[key + '_original'] = console[key];","            console[key] = function () {","                var element;","                console[key + '_original'].apply(console, arguments);","                element = document.querySelector('#outputTextareaStdout1');","                if (!element) {","                    return;","                }","                // append text to #outputTextareaStdout1","                element.value += Array.from(arguments).map(function (arg) {","                    return typeof arg === 'string'","                        ? arg","                        : JSON.stringify(arg, null, 4);","                }).join(' ') + '\\n';","                // scroll textarea to bottom","                element.scrollTop = element.scrollHeight;","            };","        });","        // init event-handling","        ['change', 'click', 'keyup'].forEach(function (event) {","            Array.from(document.querySelectorAll('.on' + event)).forEach(function (element) {","                element.addEventListener(event, local.testRunBrowser);","            });","        });","        // run tests","        local.testRunBrowser();","        break;","","","","    // run node js-env code - post-init","    /* istanbul ignore next */","    case 'node':","        // export local","        module.exports = local;","        // require modules","        local.fs = require('fs');","        local.http = require('http');","        local.url = require('url');","        // init assets","        local.assetsDict = local.assetsDict || {};","        /* jslint-ignore-begin */","        local.assetsDict['/assets.index.template.html'] = '\\","<!doctype html>\\n\\","<html lang=\"en\">\\n\\","<head>\\n\\","<meta charset=\"UTF-8\">\\n\\","<meta name=\"viewport\" content=\"width=device-width, initial-scale=1\">\\n\\","<title>{{env.npm_package_name}} (v{{env.npm_package_version}})</title>\\n\\","<style>\\n\\","/*csslint\\n\\","    box-sizing: false,\\n\\","    universal-selector: false\\n\\","*/\\n\\","* {\\n\\","    box-sizing: border-box;\\n\\","}\\n\\","body {\\n\\","    background: #dde;\\n\\","    font-family: Arial, Helvetica, sans-serif;\\n\\","    margin: 2rem;\\n\\","}\\n\\","body > * {\\n\\","    margin-bottom: 1rem;\\n\\","}\\n\\",".utility2FooterDiv {\\n\\","    margin-top: 20px;\\n\\","    text-align: center;\\n\\","}\\n\\","</style>\\n\\","<style>\\n\\","/*csslint\\n\\","*/\\n\\","textarea {\\n\\","    font-family: monospace;\\n\\","    height: 10rem;\\n\\","    width: 100%;\\n\\","}\\n\\","textarea[readonly] {\\n\\","    background: #ddd;\\n\\","}\\n\\","</style>\\n\\","</head>\\n\\","<body>\\n\\","<!-- utility2-comment\\n\\","<div id=\"ajaxProgressDiv1\" style=\"background: #d00; height: 2px; left: 0; margin: 0; padding: 0; position: fixed; top: 0; transition: background 0.5s, width 1.5s; width: 25%;\"></div>\\n\\","utility2-comment -->\\n\\","<h1>\\n\\","<!-- utility2-comment\\n\\","    <a\\n\\","        {{#if env.npm_package_homepage}}\\n\\","        href=\"{{env.npm_package_homepage}}\"\\n\\","        {{/if env.npm_package_homepage}}\\n\\","        target=\"_blank\"\\n\\","    >\\n\\","utility2-comment -->\\n\\","        {{env.npm_package_name}} (v{{env.npm_package_version}})\\n\\","<!-- utility2-comment\\n\\","    </a>\\n\\","utility2-comment -->\\n\\","</h1>\\n\\","<h3>{{env.npm_package_description}}</h3>\\n\\","<!-- utility2-comment\\n\\","<h4><a download href=\"assets.app.js\">download standalone app</a></h4>\\n\\","<button class=\"onclick onreset\" id=\"testRunButton1\">run internal test</button><br>\\n\\","<div id=\"testReportDiv1\" style=\"display: none;\"></div>\\n\\","utility2-comment -->\\n\\","\\n\\","\\n\\","\\n\\","<label>stderr and stdout</label>\\n\\","<textarea class=\"resettable\" id=\"outputTextareaStdout1\" readonly></textarea>\\n\\","<!-- utility2-comment\\n\\","{{#if isRollup}}\\n\\","<script src=\"assets.app.js\"></script>\\n\\","{{#unless isRollup}}\\n\\","utility2-comment -->\\n\\","<script src=\"assets.utility2.rollup.js\"></script>\\n\\","<script src=\"jsonp.utility2._stateInit?callback=window.utility2._stateInit\"></script>\\n\\","<script src=\"assets.npmtest_node_json_db.rollup.js\"></script>\\n\\","<script src=\"assets.example.js\"></script>\\n\\","<script src=\"assets.test.js\"></script>\\n\\","<!-- utility2-comment\\n\\","{{/if isRollup}}\\n\\","utility2-comment -->\\n\\","<div class=\"utility2FooterDiv\">\\n\\","    [ this app was created with\\n\\","    <a href=\"https://github.com/kaizhu256/node-utility2\" target=\"_blank\">utility2</a>\\n\\","    ]\\n\\","</div>\\n\\","</body>\\n\\","</html>\\n\\","';","        /* jslint-ignore-end */","        if (local.templateRender) {","            local.assetsDict['/'] = local.templateRender(","                local.assetsDict['/assets.index.template.html'],","                {","                    env: local.objectSetDefault(local.env, {","                        npm_package_description: 'the greatest app in the world!',","                        npm_package_name: 'my-app',","                        npm_package_nameAlias: 'my_app',","                        npm_package_version: '0.0.1'","                    })","                }","            );","        } else {","            local.assetsDict['/'] = local.assetsDict['/assets.index.template.html']","                .replace((/\\{\\{env\\.(\\w+?)\\}\\}/g), function (match0, match1) {","                    // jslint-hack","                    String(match0);","                    switch (match1) {","                    case 'npm_package_description':","                        return 'the greatest app in the world!';","                    case 'npm_package_name':","                        return 'my-app';","                    case 'npm_package_nameAlias':","                        return 'my_app';","                    case 'npm_package_version':","                        return '0.0.1';","                    }","                });","        }","        // run the cli","        if (local.global.utility2_rollup || module !== require.main) {","            break;","        }","        local.assetsDict['/assets.example.js'] =","            local.assetsDict['/assets.example.js'] ||","            local.fs.readFileSync(__filename, 'utf8');","        // bug-workaround - long $npm_package_buildCustomOrg","        /* jslint-ignore-begin */","        local.assetsDict['/assets.npmtest_node_json_db.rollup.js'] =","            local.assetsDict['/assets.npmtest_node_json_db.rollup.js'] ||","            local.fs.readFileSync(","                local.npmtest_node_json_db.__dirname + '/lib.npmtest_node_json_db.js',","                'utf8'","            ).replace((/^#!/), '//');","        /* jslint-ignore-end */","        local.assetsDict['/favicon.ico'] = local.assetsDict['/favicon.ico'] || '';","        // if $npm_config_timeout_exit exists,","        // then exit this process after $npm_config_timeout_exit ms","        if (Number(process.env.npm_config_timeout_exit)) {","            setTimeout(process.exit, Number(process.env.npm_config_timeout_exit));","        }","        // start server","        if (local.global.utility2_serverHttp1) {","            break;","        }","        process.env.PORT = process.env.PORT || '8081';","        console.error('server starting on port ' + process.env.PORT);","        local.http.createServer(function (request, response) {","            request.urlParsed = local.url.parse(request.url);","            if (local.assetsDict[request.urlParsed.pathname] !== undefined) {","                response.end(local.assetsDict[request.urlParsed.pathname]);","                return;","            }","            response.statusCode = 404;","            response.end();","        }).listen(process.env.PORT);","        break;","    }","}());",""],"l":{"26":2,"28":2,"33":2,"35":2,"37":2,"38":2,"39":2,"44":1,"51":2,"55":2,"59":2,"61":2,"69":1,"70":2,"76":2,"79":2,"82":2,"83":2,"85":1,"89":2,"92":1,"93":1,"94":1,"96":1,"97":1,"100":1,"101":1,"103":1,"106":1,"108":2,"114":1,"116":1,"118":1,"123":1,"124":2,"125":2,"126":3,"127":3,"128":3,"129":3,"130":1,"133":3,"134":3,"139":3,"143":1,"144":3,"145":1,"149":1,"150":1,"158":1,"160":1,"161":1,"162":1,"164":1,"166":1,"258":1,"259":1,"271":1,"274":6,"275":6,"277":1,"279":2,"281":1,"283":2,"288":1,"289":1,"291":1,"296":1,"303":1,"306":1,"307":1,"310":1,"311":1,"313":1,"314":1,"315":1,"316":1,"317":1,"318":1,"319":1,"321":1,"322":1,"324":1}},"/home/travis/build/npmtest/node-npmtest-node-json-db/node_modules/node-json-db/JsonDB.js":{"path":"/home/travis/build/npmtest/node-npmtest-node-json-db/node_modules/node-json-db/JsonDB.js","s":{"1":1,"2":1,"3":1,"4":1,"5":1,"6":1,"7":1,"8":1,"9":1,"10":1,"11":0,"12":0,"13":0,"14":0,"15":0,"16":0,"17":0,"18":0,"19":0,"20":0,"21":0,"22":0,"23":0,"24":0,"25":0,"26":0,"27":1,"28":0,"29":0,"30":0,"31":0,"32":0,"33":0,"34":0,"35":1,"36":0,"37":0,"38":0,"39":1,"40":0,"41":0,"42":1,"43":0,"44":0,"45":0,"46":1,"47":0,"48":1,"49":0,"50":0,"51":0,"52":0,"53":0,"54":0,"55":0,"56":0,"57":0,"58":0,"59":0,"60":0,"61":0,"62":0,"63":0,"64":0,"65":0,"66":0,"67":0,"68":0,"69":0,"70":0,"71":0,"72":0,"73":0,"74":0,"75":0,"76":0,"77":0,"78":0,"79":0,"80":0,"81":1,"82":0,"83":0,"84":0,"85":0,"86":0,"87":0,"88":0,"89":0,"90":0,"91":0,"92":0,"93":0,"94":0,"95":0,"96":0,"97":0,"98":0,"99":0,"100":0,"101":0,"102":0,"103":1,"104":0,"105":0,"106":0,"107":0,"108":0,"109":0,"110":0,"111":1,"112":0,"113":0,"114":1,"115":0,"116":0,"117":0,"118":0,"119":0,"120":0,"121":0,"122":0,"123":0,"124":1,"125":0,"126":0,"127":0,"128":0,"129":0,"130":0,"131":0,"132":0,"133":0,"134":0,"135":0,"136":0,"137":1},"b":{"1":[0,0],"2":[0,0],"3":[0,0],"4":[0,0],"5":[0,0],"6":[0,0],"7":[0,0],"8":[0,0],"9":[0,0],"10":[0,0],"11":[0,0],"12":[0,0],"13":[0,0],"14":[0,0],"15":[0,0],"16":[0,0],"17":[0,0],"18":[0,0],"19":[0,0],"20":[0,0],"21":[0,0],"22":[0,0],"23":[0,0],"24":[0,0],"25":[0,0],"26":[0,0],"27":[0,0],"28":[0,0],"29":[0,0],"30":[0,0],"31":[0,0],"32":[0,0],"33":[0,0],"34":[0,0],"35":[0,0]},"f":{"1":1,"2":0,"3":0,"4":0,"5":0,"6":0,"7":0,"8":0,"9":0,"10":0,"11":0,"12":0,"13":0},"fnMap":{"1":{"name":"(anonymous_1)","line":1,"loc":{"start":{"line":1,"column":1},"end":{"line":1,"column":13}}},"2":{"name":"(anonymous_2)","line":20,"loc":{"start":{"line":20,"column":17},"end":{"line":20,"column":64}}},"3":{"name":"(anonymous_3)","line":46,"loc":{"start":{"line":46,"column":40},"end":{"line":46,"column":60}}},"4":{"name":"(anonymous_4)","line":58,"loc":{"start":{"line":58,"column":38},"end":{"line":58,"column":66}}},"5":{"name":"(anonymous_5)","line":68,"loc":{"start":{"line":68,"column":31},"end":{"line":68,"column":51}}},"6":{"name":"(anonymous_6)","line":73,"loc":{"start":{"line":73,"column":32},"end":{"line":73,"column":60}}},"7":{"name":"recursiveProcessDataPath","line":80,"loc":{"start":{"line":80,"column":8},"end":{"line":80,"column":55}}},"8":{"name":"findData","line":88,"loc":{"start":{"line":88,"column":12},"end":{"line":88,"column":39}}},"9":{"name":"(anonymous_9)","line":150,"loc":{"start":{"line":150,"column":28},"end":{"line":150,"column":64}}},"10":{"name":"(anonymous_10)","line":185,"loc":{"start":{"line":185,"column":30},"end":{"line":185,"column":50}}},"11":{"name":"(anonymous_11)","line":201,"loc":{"start":{"line":201,"column":30},"end":{"line":201,"column":42}}},"12":{"name":"(anonymous_12)","line":209,"loc":{"start":{"line":209,"column":28},"end":{"line":209,"column":40}}},"13":{"name":"(anonymous_13)","line":228,"loc":{"start":{"line":228,"column":28},"end":{"line":228,"column":45}}}},"statementMap":{"1":{"start":{"line":1,"column":0},"end":{"line":251,"column":5}},"2":{"start":{"line":3,"column":4},"end":{"line":3,"column":27}},"3":{"start":{"line":4,"column":4},"end":{"line":4,"column":35}},"4":{"start":{"line":5,"column":4},"end":{"line":5,"column":43}},"5":{"start":{"line":6,"column":4},"end":{"line":6,"column":53}},"6":{"start":{"line":7,"column":4},"end":{"line":7,"column":62}},"7":{"start":{"line":8,"column":4},"end":{"line":8,"column":54}},"8":{"start":{"line":9,"column":4},"end":{"line":9,"column":35}},"9":{"start":{"line":10,"column":4},"end":{"line":10,"column":31}},"10":{"start":{"line":20,"column":4},"end":{"line":45,"column":6}},"11":{"start":{"line":22,"column":8},"end":{"line":22,"column":33}},"12":{"start":{"line":24,"column":8},"end":{"line":26,"column":9}},"13":{"start":{"line":25,"column":12},"end":{"line":25,"column":37}},"14":{"start":{"line":27,"column":8},"end":{"line":27,"column":24}},"15":{"start":{"line":28,"column":8},"end":{"line":28,"column":28}},"16":{"start":{"line":29,"column":8},"end":{"line":29,"column":23}},"17":{"start":{"line":30,"column":8},"end":{"line":35,"column":9}},"18":{"start":{"line":31,"column":12},"end":{"line":31,"column":54}},"19":{"start":{"line":32,"column":12},"end":{"line":32,"column":33}},"20":{"start":{"line":33,"column":12},"end":{"line":33,"column":28}},"21":{"start":{"line":34,"column":12},"end":{"line":34,"column":31}},"22":{"start":{"line":36,"column":8},"end":{"line":36,"column":84}},"23":{"start":{"line":37,"column":8},"end":{"line":42,"column":9}},"24":{"start":{"line":38,"column":12},"end":{"line":38,"column":47}},"25":{"start":{"line":41,"column":12},"end":{"line":41,"column":39}},"26":{"start":{"line":44,"column":8},"end":{"line":44,"column":20}},"27":{"start":{"line":46,"column":4},"end":{"line":56,"column":6}},"28":{"start":{"line":47,"column":8},"end":{"line":49,"column":9}},"29":{"start":{"line":48,"column":12},"end":{"line":48,"column":67}},"30":{"start":{"line":50,"column":8},"end":{"line":52,"column":9}},"31":{"start":{"line":51,"column":12},"end":{"line":51,"column":22}},"32":{"start":{"line":53,"column":8},"end":{"line":53,"column":39}},"33":{"start":{"line":54,"column":8},"end":{"line":54,"column":21}},"34":{"start":{"line":55,"column":8},"end":{"line":55,"column":20}},"35":{"start":{"line":58,"column":4},"end":{"line":62,"column":6}},"36":{"start":{"line":59,"column":8},"end":{"line":59,"column":51}},"37":{"start":{"line":60,"column":8},"end":{"line":60,"column":30}},"38":{"start":{"line":61,"column":8},"end":{"line":61,"column":83}},"39":{"start":{"line":68,"column":4},"end":{"line":71,"column":6}},"40":{"start":{"line":69,"column":8},"end":{"line":69,"column":51}},"41":{"start":{"line":70,"column":8},"end":{"line":70,"column":35}},"42":{"start":{"line":73,"column":4},"end":{"line":142,"column":6}},"43":{"start":{"line":75,"column":8},"end":{"line":75,"column":20}},"44":{"start":{"line":77,"column":8},"end":{"line":77,"column":33}},"45":{"start":{"line":78,"column":8},"end":{"line":78,"column":59}},"46":{"start":{"line":80,"column":8},"end":{"line":134,"column":9}},"47":{"start":{"line":82,"column":12},"end":{"line":82,"column":43}},"48":{"start":{"line":88,"column":12},"end":{"line":102,"column":13}},"49":{"start":{"line":89,"column":16},"end":{"line":89,"column":43}},"50":{"start":{"line":90,"column":16},"end":{"line":101,"column":17}},"51":{"start":{"line":91,"column":20},"end":{"line":91,"column":42}},"52":{"start":{"line":92,"column":23},"end":{"line":101,"column":17}},"53":{"start":{"line":93,"column":20},"end":{"line":97,"column":21}},"54":{"start":{"line":94,"column":24},"end":{"line":94,"column":44}},"55":{"start":{"line":96,"column":24},"end":{"line":96,"column":44}},"56":{"start":{"line":98,"column":20},"end":{"line":98,"column":42}},"57":{"start":{"line":100,"column":20},"end":{"line":100,"column":119}},"58":{"start":{"line":104,"column":12},"end":{"line":104,"column":61}},"59":{"start":{"line":105,"column":12},"end":{"line":128,"column":13}},"60":{"start":{"line":106,"column":16},"end":{"line":106,"column":46}},"61":{"start":{"line":107,"column":16},"end":{"line":107,"column":31}},"62":{"start":{"line":108,"column":16},"end":{"line":110,"column":17}},"63":{"start":{"line":109,"column":20},"end":{"line":109,"column":120}},"64":{"start":{"line":111,"column":16},"end":{"line":111,"column":64}},"65":{"start":{"line":112,"column":16},"end":{"line":125,"column":17}},"66":{"start":{"line":113,"column":20},"end":{"line":113,"column":44}},"67":{"start":{"line":114,"column":23},"end":{"line":125,"column":17}},"68":{"start":{"line":115,"column":20},"end":{"line":122,"column":21}},"69":{"start":{"line":116,"column":24},"end":{"line":116,"column":38}},"70":{"start":{"line":117,"column":24},"end":{"line":117,"column":53}},"71":{"start":{"line":120,"column":24},"end":{"line":120,"column":46}},"72":{"start":{"line":121,"column":24},"end":{"line":121,"column":48}},"73":{"start":{"line":124,"column":20},"end":{"line":124,"column":148}},"74":{"start":{"line":127,"column":16},"end":{"line":127,"column":27}},"75":{"start":{"line":130,"column":12},"end":{"line":132,"column":13}},"76":{"start":{"line":131,"column":16},"end":{"line":131,"column":28}},"77":{"start":{"line":133,"column":12},"end":{"line":133,"column":57}},"78":{"start":{"line":136,"column":8},"end":{"line":138,"column":9}},"79":{"start":{"line":137,"column":12},"end":{"line":137,"column":29}},"80":{"start":{"line":140,"column":8},"end":{"line":140,"column":54}},"81":{"start":{"line":150,"column":4},"end":{"line":180,"column":6}},"82":{"start":{"line":151,"column":8},"end":{"line":151,"column":60}},"83":{"start":{"line":153,"column":8},"end":{"line":153,"column":59}},"84":{"start":{"line":154,"column":8},"end":{"line":154,"column":57}},"85":{"start":{"line":155,"column":8},"end":{"line":157,"column":9}},"86":{"start":{"line":156,"column":12},"end":{"line":156,"column":46}},"87":{"start":{"line":158,"column":8},"end":{"line":158,"column":25}},"88":{"start":{"line":159,"column":8},"end":{"line":174,"column":9}},"89":{"start":{"line":160,"column":12},"end":{"line":173,"column":13}},"90":{"start":{"line":161,"column":16},"end":{"line":161,"column":50}},"91":{"start":{"line":162,"column":16},"end":{"line":166,"column":17}},"92":{"start":{"line":163,"column":20},"end":{"line":163,"column":36}},"93":{"start":{"line":164,"column":23},"end":{"line":166,"column":17}},"94":{"start":{"line":165,"column":20},"end":{"line":165,"column":93}},"95":{"start":{"line":167,"column":16},"end":{"line":167,"column":48}},"96":{"start":{"line":168,"column":19},"end":{"line":173,"column":13}},"97":{"start":{"line":169,"column":16},"end":{"line":171,"column":17}},"98":{"start":{"line":170,"column":20},"end":{"line":170,"column":83}},"99":{"start":{"line":172,"column":16},"end":{"line":172,"column":70}},"100":{"start":{"line":175,"column":8},"end":{"line":175,"column":30}},"101":{"start":{"line":177,"column":8},"end":{"line":179,"column":9}},"102":{"start":{"line":178,"column":12},"end":{"line":178,"column":24}},"103":{"start":{"line":185,"column":4},"end":{"line":196,"column":6}},"104":{"start":{"line":186,"column":8},"end":{"line":186,"column":59}},"105":{"start":{"line":187,"column":8},"end":{"line":187,"column":57}},"106":{"start":{"line":188,"column":8},"end":{"line":190,"column":9}},"107":{"start":{"line":189,"column":12},"end":{"line":189,"column":19}},"108":{"start":{"line":191,"column":8},"end":{"line":191,"column":24}},"109":{"start":{"line":193,"column":8},"end":{"line":195,"column":9}},"110":{"start":{"line":194,"column":12},"end":{"line":194,"column":24}},"111":{"start":{"line":201,"column":4},"end":{"line":204,"column":6}},"112":{"start":{"line":202,"column":8},"end":{"line":202,"column":28}},"113":{"start":{"line":203,"column":8},"end":{"line":203,"column":27}},"114":{"start":{"line":209,"column":4},"end":{"line":222,"column":6}},"115":{"start":{"line":210,"column":8},"end":{"line":212,"column":9}},"116":{"start":{"line":211,"column":12},"end":{"line":211,"column":19}},"117":{"start":{"line":213,"column":8},"end":{"line":221,"column":9}},"118":{"start":{"line":214,"column":12},"end":{"line":214,"column":62}},"119":{"start":{"line":215,"column":12},"end":{"line":215,"column":41}},"120":{"start":{"line":216,"column":12},"end":{"line":216,"column":31}},"121":{"start":{"line":218,"column":12},"end":{"line":218,"column":73}},"122":{"start":{"line":219,"column":12},"end":{"line":219,"column":30}},"123":{"start":{"line":220,"column":12},"end":{"line":220,"column":24}},"124":{"start":{"line":228,"column":4},"end":{"line":248,"column":6}},"125":{"start":{"line":229,"column":8},"end":{"line":229,"column":31}},"126":{"start":{"line":230,"column":8},"end":{"line":232,"column":9}},"127":{"start":{"line":231,"column":12},"end":{"line":231,"column":75}},"128":{"start":{"line":233,"column":8},"end":{"line":233,"column":22}},"129":{"start":{"line":234,"column":8},"end":{"line":246,"column":9}},"130":{"start":{"line":235,"column":12},"end":{"line":240,"column":13}},"131":{"start":{"line":236,"column":16},"end":{"line":236,"column":58}},"132":{"start":{"line":239,"column":16},"end":{"line":239,"column":49}},"133":{"start":{"line":241,"column":12},"end":{"line":241,"column":58}},"134":{"start":{"line":243,"column":12},"end":{"line":243,"column":77}},"135":{"start":{"line":244,"column":12},"end":{"line":244,"column":30}},"136":{"start":{"line":245,"column":12},"end":{"line":245,"column":24}},"137":{"start":{"line":250,"column":4},"end":{"line":250,"column":28}}},"branchMap":{"1":{"line":24,"type":"if","locations":[{"start":{"line":24,"column":8},"end":{"line":24,"column":8}},{"start":{"line":24,"column":8},"end":{"line":24,"column":8}}]},"2":{"line":30,"type":"if","locations":[{"start":{"line":30,"column":8},"end":{"line":30,"column":8}},{"start":{"line":30,"column":8},"end":{"line":30,"column":8}}]},"3":{"line":36,"type":"cond-expr","locations":[{"start":{"line":36,"column":66},"end":{"line":36,"column":76}},{"start":{"line":36,"column":79},"end":{"line":36,"column":83}}]},"4":{"line":37,"type":"if","locations":[{"start":{"line":37,"column":8},"end":{"line":37,"column":8}},{"start":{"line":37,"column":8},"end":{"line":37,"column":8}}]},"5":{"line":47,"type":"if","locations":[{"start":{"line":47,"column":8},"end":{"line":47,"column":8}},{"start":{"line":47,"column":8},"end":{"line":47,"column":8}}]},"6":{"line":47,"type":"binary-expr","locations":[{"start":{"line":47,"column":12},"end":{"line":47,"column":34}},{"start":{"line":47,"column":38},"end":{"line":47,"column":54}}]},"7":{"line":50,"type":"if","locations":[{"start":{"line":50,"column":8},"end":{"line":50,"column":8}},{"start":{"line":50,"column":8},"end":{"line":50,"column":8}}]},"8":{"line":77,"type":"binary-expr","locations":[{"start":{"line":77,"column":17},"end":{"line":77,"column":23}},{"start":{"line":77,"column":27},"end":{"line":77,"column":32}}]},"9":{"line":89,"type":"binary-expr","locations":[{"start":{"line":89,"column":26},"end":{"line":89,"column":33}},{"start":{"line":89,"column":37},"end":{"line":89,"column":42}}]},"10":{"line":90,"type":"if","locations":[{"start":{"line":90,"column":16},"end":{"line":90,"column":16}},{"start":{"line":90,"column":16},"end":{"line":90,"column":16}}]},"11":{"line":92,"type":"if","locations":[{"start":{"line":92,"column":23},"end":{"line":92,"column":23}},{"start":{"line":92,"column":23},"end":{"line":92,"column":23}}]},"12":{"line":93,"type":"if","locations":[{"start":{"line":93,"column":20},"end":{"line":93,"column":20}},{"start":{"line":93,"column":20},"end":{"line":93,"column":20}}]},"13":{"line":105,"type":"if","locations":[{"start":{"line":105,"column":12},"end":{"line":105,"column":12}},{"start":{"line":105,"column":12},"end":{"line":105,"column":12}}]},"14":{"line":108,"type":"if","locations":[{"start":{"line":108,"column":16},"end":{"line":108,"column":16}},{"start":{"line":108,"column":16},"end":{"line":108,"column":16}}]},"15":{"line":112,"type":"if","locations":[{"start":{"line":112,"column":16},"end":{"line":112,"column":16}},{"start":{"line":112,"column":16},"end":{"line":112,"column":16}}]},"16":{"line":114,"type":"if","locations":[{"start":{"line":114,"column":23},"end":{"line":114,"column":23}},{"start":{"line":114,"column":23},"end":{"line":114,"column":23}}]},"17":{"line":115,"type":"if","locations":[{"start":{"line":115,"column":20},"end":{"line":115,"column":20}},{"start":{"line":115,"column":20},"end":{"line":115,"column":20}}]},"18":{"line":130,"type":"if","locations":[{"start":{"line":130,"column":12},"end":{"line":130,"column":12}},{"start":{"line":130,"column":12},"end":{"line":130,"column":12}}]},"19":{"line":136,"type":"if","locations":[{"start":{"line":136,"column":8},"end":{"line":136,"column":8}},{"start":{"line":136,"column":8},"end":{"line":136,"column":8}}]},"20":{"line":151,"type":"cond-expr","locations":[{"start":{"line":151,"column":44},"end":{"line":151,"column":48}},{"start":{"line":151,"column":51},"end":{"line":151,"column":59}}]},"21":{"line":155,"type":"if","locations":[{"start":{"line":155,"column":8},"end":{"line":155,"column":8}},{"start":{"line":155,"column":8},"end":{"line":155,"column":8}}]},"22":{"line":159,"type":"if","locations":[{"start":{"line":159,"column":8},"end":{"line":159,"column":8}},{"start":{"line":159,"column":8},"end":{"line":159,"column":8}}]},"23":{"line":160,"type":"if","locations":[{"start":{"line":160,"column":12},"end":{"line":160,"column":12}},{"start":{"line":160,"column":12},"end":{"line":160,"column":12}}]},"24":{"line":162,"type":"if","locations":[{"start":{"line":162,"column":16},"end":{"line":162,"column":16}},{"start":{"line":162,"column":16},"end":{"line":162,"column":16}}]},"25":{"line":164,"type":"if","locations":[{"start":{"line":164,"column":23},"end":{"line":164,"column":23}},{"start":{"line":164,"column":23},"end":{"line":164,"column":23}}]},"26":{"line":168,"type":"if","locations":[{"start":{"line":168,"column":19},"end":{"line":168,"column":19}},{"start":{"line":168,"column":19},"end":{"line":168,"column":19}}]},"27":{"line":169,"type":"if","locations":[{"start":{"line":169,"column":16},"end":{"line":169,"column":16}},{"start":{"line":169,"column":16},"end":{"line":169,"column":16}}]},"28":{"line":177,"type":"if","locations":[{"start":{"line":177,"column":8},"end":{"line":177,"column":8}},{"start":{"line":177,"column":8},"end":{"line":177,"column":8}}]},"29":{"line":188,"type":"if","locations":[{"start":{"line":188,"column":8},"end":{"line":188,"column":8}},{"start":{"line":188,"column":8},"end":{"line":188,"column":8}}]},"30":{"line":193,"type":"if","locations":[{"start":{"line":193,"column":8},"end":{"line":193,"column":8}},{"start":{"line":193,"column":8},"end":{"line":193,"column":8}}]},"31":{"line":210,"type":"if","locations":[{"start":{"line":210,"column":8},"end":{"line":210,"column":8}},{"start":{"line":210,"column":8},"end":{"line":210,"column":8}}]},"32":{"line":229,"type":"binary-expr","locations":[{"start":{"line":229,"column":16},"end":{"line":229,"column":21}},{"start":{"line":229,"column":25},"end":{"line":229,"column":30}}]},"33":{"line":230,"type":"if","locations":[{"start":{"line":230,"column":8},"end":{"line":230,"column":8}},{"start":{"line":230,"column":8},"end":{"line":230,"column":8}}]},"34":{"line":230,"type":"binary-expr","locations":[{"start":{"line":230,"column":12},"end":{"line":230,"column":18}},{"start":{"line":230,"column":22},"end":{"line":230,"column":34}}]},"35":{"line":235,"type":"if","locations":[{"start":{"line":235,"column":12},"end":{"line":235,"column":12}},{"start":{"line":235,"column":12},"end":{"line":235,"column":12}}]}},"code":["(function () {","    \"use strict\";","    var FS = require('fs');","    var events = require('events');","    var JsonUtils = require(\"./lib/utils\");","    var DBParentData = require(\"./lib/DBParentData\");","    var DatabaseError = require(\"./lib/Errors\").DatabaseError;","    var DataError = require(\"./lib/Errors\").DataError;","    var mkdirp = require('mkdirp');","    var path = require('path');","","    /**","     * Create the JSON database","     * @param filename where to save the data base","     * @param saveOnPush saving on modification of the data","     * @param humanReadable is the json file humand readable ","     * @returns {JsonDB}","     * @constructor","     */","    var JsonDB = function (filename, saveOnPush, humanReadable) {","","        this.filename = filename;","","        if (!JsonUtils.strEndWith(filename, \".json\")) {","            this.filename += \".json\";","        }","        var self = this;","        this.loaded = false;","        this.data = {};","        if (!FS.existsSync(this.filename)) {","            var dirname = path.dirname(this.filename);","            mkdirp.sync(dirname);","            self.save(true);","            self.loaded = true;","        }","        this.saveOnPush = ( typeof( saveOnPush ) == \"boolean\" ) ? saveOnPush : true;","        if (humanReadable) {","            this.humanReadable = humanReadable;","        }","        else {","            this.humanReadable = false;","        }","","        return this;","    };","    JsonDB.prototype._processDataPath = function (dataPath) {","        if (dataPath === undefined || !dataPath.trim()) {","            throw new DataError(\"The Data Path can't be empty\", 6);","        }","        if (dataPath == \"/\") {","            return [];","        }","        var path = dataPath.split(\"/\");","        path.shift();","        return path;","    };","","    JsonDB.prototype._getParentData = function (dataPath, create) {","        var path = this._processDataPath(dataPath);","        var last = path.pop();","        return new DBParentData(last, this._getData(path, create), this, dataPath);","    };","    /**","     * Get the deta stored in the data base","     * @param dataPath path leading to the data","     * @returns {*}","     */","    JsonDB.prototype.getData = function (dataPath) {","        var path = this._processDataPath(dataPath);","        return this._getData(path);","    };","","    JsonDB.prototype._getData = function (dataPath, create) {","","        this.load();","","        create = create || false;","        dataPath = JsonUtils.removeTrailingSlash(dataPath);","","        function recursiveProcessDataPath(data, index) {","","            var property = dataPath[index];","","","            /**","             * Find the wanted Data or create it.","             */","            function findData(isArray) {","                isArray = isArray || false;","                if (data.hasOwnProperty(property)) {","                    data = data[property];","                } else if (create) {","                    if (isArray) {","                        data[property] = [];","                    } else {","                        data[property] = {};","                    }","                    data = data[property];","                } else {","                    throw new DataError(\"Can't find dataPath: /\" + dataPath.join(\"/\") + \". Stopped at \" + property, 5);","                }","            }","","            var arrayInfo = JsonUtils.processArray(property);","            if (arrayInfo) {","                property = arrayInfo.property;","                findData(true);","                if (!Array.isArray(data)) {","                    throw new DataError(\"DataPath: /\" + dataPath.join(\"/\") + \". \" + property + \" is not an array.\", 11);","                }","                var arrayIndex = arrayInfo.getIndex(data, true);","                if (data.hasOwnProperty(arrayIndex)) {","                    data = data[arrayIndex];","                } else if (create) {","                    if (arrayInfo.append) {","                        data.push({});","                        data = data[data.length - 1];","                    }","                    else {","                        data[arrayIndex] = {};","                        data = data[arrayIndex];","                    }","                } else {","                    throw new DataError(\"DataPath: /\" + dataPath.join(\"/\") + \". Can't find index \" + arrayInfo.index + \" in array \" + property, 10);","                }","            } else {","                findData();","            }","","            if (dataPath.length == ++index) {","                return data;","            }","            return recursiveProcessDataPath(data, index);","        }","","        if (dataPath.length === 0) {","            return this.data;","        }","","        return recursiveProcessDataPath(this.data, 0);","","    };","","    /**","     * Pushing data into the database","     * @param dataPath path leading to the data","     * @param data data to push","     * @param override overriding or not the data, if not, it will merge them","     */","    JsonDB.prototype.push = function (dataPath, data, override) {","        override = override === undefined ? true : override;","","        dataPath = JsonUtils.removeTrailingSlash(dataPath);","        var dbData = this._getParentData(dataPath, true);","        if (!dbData) {","            throw new Error(\"Data not found\");","        }","        var toSet = data;","        if (!override) {","            if (Array.isArray(data)) {","                var storedData = dbData.getData();","                if (storedData === undefined) {","                    storedData = [];","                } else if (!Array.isArray(storedData)) {","                    throw new DataError(\"Can't merge another type of data with an Array\", 3);","                }","                toSet = storedData.concat(data);","            } else if (data === Object(data)) {","                if (Array.isArray(dbData.getData())) {","                    throw  new DataError(\"Can't merge an Array with an Object\", 4);","                }","                toSet = JsonUtils.mergeObject(dbData.getData(), data);","            }","        }","        dbData.setData(toSet);","","        if (this.saveOnPush) {","            this.save();","        }","    };","    /**","     * Delete the data","     * @param dataPath path leading to the data","     */","    JsonDB.prototype.delete = function (dataPath) {","        dataPath = JsonUtils.removeTrailingSlash(dataPath);","        var dbData = this._getParentData(dataPath, true);","        if (!dbData) {","            return;","        }","        dbData.delete();","        ","        if (this.saveOnPush) {","            this.save();","        }","    };","    /**","     * Reload the database from the file","     * @returns {*}","     */","    JsonDB.prototype.reload = function () {","        this.loaded = false;","        return this.load();","    };","    /**","     * Manually load the database","     * It is automatically called when the first getData is done","     */","    JsonDB.prototype.load = function () {","        if (this.loaded) {","            return;","        }","        try {","            var data = FS.readFileSync(this.filename, 'utf8');","            this.data = JSON.parse(data);","            this.loaded = true;","        } catch (err) {","            var error = new DatabaseError(\"Can't Load Database\", 1, err);","            error.inner = err;","            throw error;","        }","    };","    /**","     * Manually save the database","     * By default you can't save the database if it's not loaded","     * @param force force the save of the database","     */","    JsonDB.prototype.save = function (force) {","        force = force || false;","        if (!force && !this.loaded) {","            throw new DatabaseError(\"DataBase not loaded. Can't write\", 7);","        }","        var data = \"\";","        try {","            if (this.humanReadable) {","                data = JSON.stringify(this.data, null, 4);","            }","            else {","                data = JSON.stringify(this.data);","            }","            FS.writeFileSync(this.filename, data, 'utf8');","        } catch (err) {","            var error = new DatabaseError(\"Can't save the database\", 2, err);","            error.inner = err;","            throw error;","        }","","    };","","    module.exports = JsonDB;","})();",""],"l":{"1":1,"3":1,"4":1,"5":1,"6":1,"7":1,"8":1,"9":1,"10":1,"20":1,"22":0,"24":0,"25":0,"27":0,"28":0,"29":0,"30":0,"31":0,"32":0,"33":0,"34":0,"36":0,"37":0,"38":0,"41":0,"44":0,"46":1,"47":0,"48":0,"50":0,"51":0,"53":0,"54":0,"55":0,"58":1,"59":0,"60":0,"61":0,"68":1,"69":0,"70":0,"73":1,"75":0,"77":0,"78":0,"80":1,"82":0,"88":1,"89":0,"90":0,"91":0,"92":0,"93":0,"94":0,"96":0,"98":0,"100":0,"104":0,"105":0,"106":0,"107":0,"108":0,"109":0,"111":0,"112":0,"113":0,"114":0,"115":0,"116":0,"117":0,"120":0,"121":0,"124":0,"127":0,"130":0,"131":0,"133":0,"136":0,"137":0,"140":0,"150":1,"151":0,"153":0,"154":0,"155":0,"156":0,"158":0,"159":0,"160":0,"161":0,"162":0,"163":0,"164":0,"165":0,"167":0,"168":0,"169":0,"170":0,"172":0,"175":0,"177":0,"178":0,"185":1,"186":0,"187":0,"188":0,"189":0,"191":0,"193":0,"194":0,"201":1,"202":0,"203":0,"209":1,"210":0,"211":0,"213":0,"214":0,"215":0,"216":0,"218":0,"219":0,"220":0,"228":1,"229":0,"230":0,"231":0,"233":0,"234":0,"235":0,"236":0,"239":0,"241":0,"243":0,"244":0,"245":0,"250":1}},"/home/travis/build/npmtest/node-npmtest-node-json-db/node_modules/node-json-db/lib/utils.js":{"path":"/home/travis/build/npmtest/node-npmtest-node-json-db/node_modules/node-json-db/lib/utils.js","s":{"1":1,"2":1,"3":1,"4":1,"5":0,"6":1,"7":0,"8":0,"9":0,"10":0,"11":1,"12":0,"13":0,"14":0,"15":0,"16":0,"17":0,"18":0,"19":0,"20":0,"21":0,"22":0,"23":0,"24":1,"25":0,"26":0,"27":0,"28":1},"b":{"1":[0,0],"2":[0,0],"3":[0,0],"4":[0,0],"5":[0,0],"6":[0,0],"7":[0,0],"8":[0,0],"9":[0,0]},"f":{"1":1,"2":0,"3":0,"4":0,"5":0,"6":0},"fnMap":{"1":{"name":"(anonymous_1)","line":1,"loc":{"start":{"line":1,"column":1},"end":{"line":1,"column":13}}},"2":{"name":"(anonymous_2)","line":5,"loc":{"start":{"line":5,"column":19},"end":{"line":5,"column":42}}},"3":{"name":"(anonymous_3)","line":12,"loc":{"start":{"line":12,"column":23},"end":{"line":12,"column":42}}},"4":{"name":"(anonymous_4)","line":22,"loc":{"start":{"line":22,"column":16},"end":{"line":22,"column":28}}},"5":{"name":"(anonymous_5)","line":25,"loc":{"start":{"line":25,"column":24},"end":{"line":25,"column":42}}},"6":{"name":"removeTrailingSlash","line":53,"loc":{"start":{"line":53,"column":4},"end":{"line":53,"column":43}}}},"statementMap":{"1":{"start":{"line":1,"column":0},"end":{"line":65,"column":5}},"2":{"start":{"line":3,"column":4},"end":{"line":3,"column":43}},"3":{"start":{"line":4,"column":4},"end":{"line":4,"column":42}},"4":{"start":{"line":5,"column":4},"
[...]
ly numerical values accepted for array index\", 200)","        }","    }","","    /**","     * Get the index for the array","     * @param data","     * @param avoidProperty","     * @returns {*}","     */","    ArrayInfo.prototype.getIndex = function (data, avoidProperty) {","        if (avoidProperty === undefined) {","            avoidProperty = false;","        }","        var index = this.index;","        if (index == -1) {","            var dataIterable = avoidProperty ? data : data[this.property];","","            if (dataIterable.length === 0) {","                return 0;","            }","            return dataIterable.length - 1;","        }","        return index;","    };","","    /**","     * Get the Data","     * @param data","     * @returns {*}","     * @constructor","     */","    ArrayInfo.prototype.getData = function (data) {","        if (this.append) {","            throw new DataError(\"Can't get data when appending\", 100);","        }","        var index = this.getIndex(data);","        return data[this.property][index];","    };","","    /**","     * Set the data for the array","     * @param data","     * @param value","     */","    ArrayInfo.prototype.setData = function (data, value) {","        if (this.append) {","            data[this.property].push(value);","        } else {","            var index = this.getIndex(data);","            data[this.property][index] = value;","        }","    };","","    /**","     * Delete the index from the array","     * @param data","     */","    ArrayInfo.prototype.delete = function (data) {","        var index = this.getIndex(data);","        data[this.property].splice(index, 1);","    };","","    /**","     * Check if the ArrayInfo is valid for the given data","     * @param data","     * @returns {boolean}","     * @constructor","     */","    ArrayInfo.prototype.isValid = function (data) {","        var index = this.getIndex(data);","        return data[this.property].hasOwnProperty(index);","    };","","","    module.exports = ArrayInfo;","})();"],"l":{"4":1,"6":1,"8":1,"9":0,"14":1,"15":0,"16":0,"17":0,"18":0,"19":0,"20":0,"21":0,"31":1,"32":0,"33":0,"35":0,"36":0,"37":0,"39":0,"40":0,"42":0,"44":0,"53":1,"54":0,"55":0,"57":0,"58":0,"66":1,"67":0,"68":0,"70":0,"71":0,"79":1,"80":0,"81":0,"90":1,"91":0,"92":0,"96":1}},"/home/travis/build/npmtest/node-npmtest-node-json-db/node_modules/node-json-db/lib/Errors.js":{"path":"/home/travis/build/npmtest/node-npmtest-node-json-db/node_modules/node-json-db/lib/Errors.js","s":{"1":1,"2":1,"3":1,"4":0,"5":0,"6":0,"7":0,"8":0,"9":0,"10":0,"11":1,"12":1,"13":0,"14":0,"15":0,"16":0,"17":1,"18":0,"19":0,"20":0,"21":1,"22":1,"23":0,"24":0,"25":0,"26":1,"27":1},"b":{"1":[0,0]},"f":{"1":1,"2":0,"3":0,"4":0,"5":0},"fnMap":{"1":{"name":"(anonymous_1)","line":1,"loc":{"start":{"line":1,"column":1},"end":{"line":1,"column":13}}},"2":{"name":"NestedError","line":6,"loc":{"start":{"line":6,"column":4},"end":{"line":6,"column":42}}},"3":{"name":"(anonymous_3)","line":19,"loc":{"start":{"line":19,"column":37},"end":{"line":19,"column":49}}},"4":{"name":"DatabaseError","line":28,"loc":{"start":{"line":28,"column":4},"end":{"line":28,"column":44}}},"5":{"name":"DataError","line":36,"loc":{"start":{"line":36,"column":4},"end":{"line":36,"column":40}}}},"statementMap":{"1":{"start":{"line":1,"column":0},"end":{"line":49,"column":5}},"2":{"start":{"line":3,"column":4},"end":{"line":3,"column":31}},"3":{"start":{"line":6,"column":4},"end":{"line":15,"column":5}},"4":{"start":{"line":7,"column":8},"end":{"line":7,"column":47}},"5":{"start":{"line":8,"column":8},"end":{"line":8,"column":45}},"6":{"start":{"line":10,"column":8},"end":{"line":10,"column":31}},"7":{"start":{"line":11,"column":8},"end":{"line":11,"column":35}},"8":{"start":{"line":12,"column":8},"end":{"line":12,"column":28}},"9":{"start":{"line":13,"column":8},"end":{"line":13,"column":21}},"10":{"start":{"line":14,"column":8},"end":{"line":14,"column":20}},"11":{"start":{"line":17,"column":4},"end":{"line":17,"column":38}},"12":{"start":{"line":19,"column":4},"end":{"line":25,"column":5}},"13":{"start":{"line":20,"column":8},"end":{"line":20,"column":53}},"14":{"start":{"line":21,"column":8},"end":{"line":23,"column":9}},"15":{"start":{"line":22,"column":12},"end":{"line":22,"column":47}},"16":{"start":{"line":24,"column":8},"end":{"line":24,"column":22}},"17":{"start":{"line":28,"column":4},"end":{"line":32,"column":5}},"18":{"start":{"line":29,"column":8},"end":{"line":29,"column":60}},"19":{"start":{"line":30,"column":8},"end":{"line":30,"column":37}},"20":{"start":{"line":31,"column":8},"end":{"line":31,"column":21}},"21":{"start":{"line":34,"column":4},"end":{"line":34,"column":46}},"22":{"start":{"line":36,"column":4},"end":{"line":40,"column":5}},"23":{"start":{"line":37,"column":8},"end":{"line":37,"column":60}},"24":{"start":{"line":38,"column":8},"end":{"line":38,"column":33}},"25":{"start":{"line":39,"column":8},"end":{"line":39,"column":21}},"26":{"start":{"line":42,"column":4},"end":{"line":42,"column":42}},"27":{"start":{"line":45,"column":4},"end":{"line":48,"column":5}}},"branchMap":{"1":{"line":21,"type":"if","locations":[{"start":{"line":21,"column":8},"end":{"line":21,"column":8}},{"start":{"line":21,"column":8},"end":{"line":21,"column":8}}]}},"code":["(function () {","    \"use strict\";","    var util = require(\"util\");","","","    function NestedError(msg, id, nested) {","        var tmp = Error.apply(this, arguments);","        tmp.name = this.name = 'NestedError';","","        this.stack = tmp.stack;","        this.message = tmp.message;","        this.inner = nested;","        this.id = id;","        return this;","    }","","    util.inherits(NestedError, Error);","","    NestedError.prototype.toString = function () {","        var string = this.name + \": \" + this.message;","        if (this.inner) {","            return string + ':\\n' + this.inner;","        }","        return string;","    }","","","    function DatabaseError(msg, id, nested) {","        var error = NestedError.call(this, msg, id, nested);","        error.name = 'DatabaseError';","        return error;","    }","","    util.inherits(DatabaseError, NestedError);","","    function DataError(msg, id, nested) {","        var error = NestedError.call(this, msg, id, nested);","        error.name = 'DataError';","        return error;","    }","","    util.inherits(DataError, NestedError);","","","    exports = module.exports = {","        DatabaseError: DatabaseError,","        DataError: DataError","    }","})();",""],"l":{"1":1,"3":1,"6":1,"7":0,"8":0,"10":0,"11":0,"12":0,"13":0,"14":0,"17":1,"19":1,"20":0,"21":0,"22":0,"24":0,"28":1,"29":0,"30":0,"31":0,"34":1,"36":1,"37":0,"38":0,"39":0,"42":1,"45":1}},"/home/travis/build/npmtest/node-npmtest-node-json-db/node_modules/node-json-db/lib/DBParentData.js":{"path":"/home/travis/build/npmtest/node-npmtest-node-json-db/node_modules/node-json-db/lib/DBParentData.js","s":{"1":1,"2":1,"3":1,"4":1,"5":0,"6":0,"7":0,"8":0,"9":1,"10":0,"11":0,"12":0,"13":0,"14":0,"15":0,"16":0,"17":1,"18":0,"19":0,"20":0,"21":0,"22":0,"23":0,"24":1,"25":0,"26":0,"27":0,"28":0,"29":0,"30":0,"31":0,"32":0,"33":0,"34":0,"35":0,"36":1,"37":0,"38":0,"39":0,"40":0,"41":0,"42":0,"43":1},"b":{"1":[0,0],"2":[0,0],"3":[0,0],"4":[0,0,0],"5":[0,0],"6":[0,0],"7":[0,0],"8":[0,0],"9":[0,0],"10":[0,0],"11":[0,0],"12":[0,0]},"f":{"1":1,"2":0,"3":0,"4":0,"5":0,"6":0},"fnMap":{"1":{"name":"(anonymous_1)","line":1,"loc":{"start":{"line":1,"column":1},"end":{"line":1,"column":13}}},"2":{"name":"DBParentData","line":7,"loc":{"start":{"line":7,"column":4},"end":{"line":7,"column":58}}},"3":{"name":"(anonymous_3)","line":21,"loc":{"start":{"line":21,"column":41},"end":{"line":21,"column":61}}},"4":{"name":"(anonymous_4)","line":34,"loc":{"start":{"line":34,"column":37},"end":{"line":34,"column":49}}},"5":{"name":"(anonymous_5)","line":46,"loc":{"start":{"line":46,"column":37},"end":{"line":46,"column":54}}},"6":{"name":"(anonymous_6)","line":64,"loc":{"start":{"line":64,"column":36},"end":{"line":64,"column":48}}}},"statementMap":{"1":{"start":{"line":1,"column":0},"end":{"line":77,"column":5}},"2":{"start":{"line":3,"column":4},"end":{"line":3,"column":39}},"3":{"start":{"line":4,"column":4},"end":{"line":4,"column":55}},"4":{"start":{"line":7,"column":4},"end":{"line":13,"column":5}},"5":{"start":{"line":8,"column":8},"end":{"line":8,"column":29}},"6":{"start":{"line":9,"column":8},"end":{"line":9,"column":25}},"7":{"start":{"line":10,"column":8},"end":{"line":10,"column":25}},"8":{"start":{"line":11,"column":8},"end":{"line":11,"column":33}},"9":{"start":{"line":21,"column":4},"end":{"line":32,"column":6}},"10":{"start":{"line":22,"column":8},"end":{"line":24,"column":9}},"11":{"start":{"line":23,"column":12},"end":{"line":23,"column":29}},"12":{"start":{"line":25,"column":8},"end":{"line":25,"column":60}},"13":{"start":{"line":26,"column":8},"end":{"line":30,"column":9}},"14":{"start":{"line":27,"column":12},"end":{"line":29,"column":13}},"15":{"start":{"line":28,"column":16},"end":{"line":28,"column":149}},"16":{"start":{"line":31,"column":8},"end":{"line":31,"column":25}},"17":{"start":{"line":34,"column":4},"end":{"line":44,"column":6}},"18":{"start":{"line":35,"column":8},"end":{"line":37,"column":9}},"19":{"start":{"line":36,"column":12},"end":{"line":36,"column":29}},"20":{"start":{"line":38,"column":8},"end":{"line":38,"column":43}},"21":{"start":{"line":39,"column":8},"end":{"line":43,"column":9}},"22":{"start":{"line":40,"column":12},"end":{"line":40,"column":48}},"23":{"start":{"line":42,"column":12},"end":{"line":42,"column":42}},"24":{"start":{"line":46,"column":4},"end":{"line":62,"column":6}},"25":{"start":{"line":47,"column":8},"end":{"line":50,"column":9}},"26":{"start":{"line":48,"column":12},"end":{"line":48,"column":33}},"27":{"start":{"line":49,"column":12},"end":{"line":49,"column":19}},"28":{"start":{"line":51,"column":8},"end":{"line":51,"column":60}},"29":{"start":{"line":52,"column":8},"end":{"line":61,"column":9}},"30":{"start":{"line":53,"column":12},"end":{"line":57,"column":13}},"31":{"start":{"line":54,"column":16},"end":{"line":54,"column":51}},"32":{"start":{"line":55,"column":19},"end":{"line":57,"column":13}},"33":{"start":{"line":56,"column":16},"end":{"line":56,"column":121}},"34":{"start":{"line":58,"column":12},"end":{"line":58,"column":48}},"35":{"start":{"line":60,"column":12},"end":{"line":60,"column":43}},"36":{"start":{"line":64,"column":4},"end":{"line":74,"column":6}},"37":{"start":{"line":65,"column":8},"end":{"line":67,"column":9}},"38":{"start":{"line":66,"column":12},"end":{"line":66,"column":30}},"39":{"start":{"line":68,"column":8},"end":{"line":68,"column":47}},"40":{"start":{"line":69,"column":8},"end":{"line":73,"column":9}},"41":{"start":{"line":70,"column":12},"end":{"line":70,"column":40}},"42":{"start":{"line":72,"column":12},"end":{"line":72,"column":42}},"43":{"start":{"line":76,"column":4},"end":{"line":76,"column":34}}},"branchMap":{"1":{"line":22,"type":"if","locations":[{"start":{"line":22,"column":8},"end":{"line":22,"column":8}},{"start":{"line":22,"column":8},"end":{"line":22,"column":8}}]},"2":{"line":26,"type":"if","locations":[{"start":{"line":26,"column":8},"end":{"line":26,"column":8}},{"start":{"line":26,"column":8},"end":{"line":26,"column":8}}]},"3":{"line":27,"type":"if","locations":[{"start":{"line":27,"column":12},"end":{"line":27,"column":12}},{"start":{"line":27,"column":12},"end":{"line":27,"column":12}}]},"4":{"line":27,"type":"binary-expr","locations":[{"start":{"line":27,"column":17},"end":{"line":27,"column":34}},{"start":{"line":27,"column":38},"end":{"line":27,"column":46}},{"start":{"line":27,"column":51},"end":{"line":27,"column":80}}]},"5":{"line":35,"type":"if","locations":[{"start":{"line":35,"column":8},"end":{"line":35,"column":8}},{"start":{"line":35,"column":8},"end":{"line":35,"column":8}}]},"6":{"line":39,"type":"if","locations":[{"start":{"line":39,"column":8},"end":{"line":39,"column":8}},{"start":{"line":39,"column":8},"end":{"line":39,"column":8}}]},"7":{"line":47,"type":"if","locations":[{"start":{"line":47,"column":8},"end":{"line":47,"column":8}},{"start":{"line":47,"column":8},"end":{"line":47,"column":8}}]},"8":{"line":52,"type":"if","locations":[{"start":{"line":52,"column":8},"end":{"line":52,"column":8}},{"start":{"line":52,"column":8},"end":{"line":52,"column":8}}]},"9":{"line":53,"type":"if","locations":[{"start":{"line":53,"column":12},"end":{"line":53,"column":12}},{"start":{"line":53,"column":12},"end":{"line":53,"column":12}}]},"10":{"line":55,"type":"if","locations":[{"start":{"line":55,"column":19},"end":{"line":55,"column":19}},{"start":{"line":55,"column":19},"end":{"line":55,"column":19}}]},"11":{"line":65,"type":"if","locations":[{"start":{"line":65,"column":8},"end":{"line":65,"column":8}},{"start":{"line":65,"column":8},"end":{"line":65,"column":8}}]},"12":{"line":69,"type":"if","locations":[{"start":{"line":69,"column":8},"end":{"line":69,"column":8}},{"start":{"line":69,"column":8},"end":{"line":69,"column":8}}]}},"code":["(function () {","    \"use strict\";","    var JsonUtils = require('./utils');","    var DataError = require(\"../lib/Errors\").DataError;","","","    function DBParentData(parent, data, jsonDB, dataPath) {","        this.parent = parent;","        this.data = data;","        this.db = jsonDB;","        this.dataPath = dataPath;","","    }","","    /**","     * Check if the array is valid for the wanted use","     * @param deletion","     * @returns {ArrayInfo}","     * @private","     */","    DBParentData.prototype._checkArray = function (deletion) {","        if(typeof deletion === undefined) {","            deletion = false;","        }","        var arrayInfo = JsonUtils.processArray(this.parent);","        if (arrayInfo) {","            if ((!arrayInfo.append || deletion) && !arrayInfo.isValid(this.data)) {","                throw new DataError(\"DataPath: /\" + this.dataPath + \". Can't find index \" + arrayInfo.index + \" in array \" + arrayInfo.property, 10);","            }","        }","        return arrayInfo;","    };","","    DBParentData.prototype.getData = function () {","        if (this.parent === undefined) {","            return this.data;","        }","        var arrayInfo = this._checkArray();","        if (arrayInfo) {","            return arrayInfo.getData(this.data);","        } else {","            return this.data[this.parent];","        }","    };","","    DBParentData.prototype.setData = function (toSet) {","        if (this.parent === undefined) {","            this.db.data = toSet;","            return;","        }","        var arrayInfo = JsonUtils.processArray(this.parent);","        if (arrayInfo) {","            if (!this.data.hasOwnProperty(arrayInfo.property)) {","                this.data[arrayInfo.property] = [];","            } else if (!Array.isArray(this.data[arrayInfo.property])) {","                throw new DataError(\"DataPath: /\" + this.dataPath + \". \" + arrayInfo.property + \" is not an array.\", 11);","            }","            arrayInfo.setData(this.data, toSet);","        } else {","            this.data[this.parent] = toSet;","        }","    };","","    DBParentData.prototype.delete = function () {","        if (this.parent === undefined) {","            this.db.data = {};","        }","        var arrayInfo = this._checkArray(true);","        if (arrayInfo) {","            arrayInfo.delete(this.data);","        } else {","            delete this.data[this.parent];","        }","    };","","    module.exports = DBParentData;","})();"],"l":{"1":1,"3":1,"4":1,"7":1,"8":0,"9":0,"10":0,"11":0,"21":1,"22":0,"23":0,"25":0,"26":0,"27":0,"28":0,"31":0,"34":1,"35":0,"36":0,"38":0,"39":0,"40":0,"42":0,"46":1,"47":0,"48":0,"49":0,"51":0,"52":0,"53":0,"54":0,"55":0,"56":0,"58":0,"60":0,"64":1,"65":0,"66":0,"68":0,"69":0,"70":0,"72":0,"76":1}},"/home/travis/build/npmtest/node-npmtest-node-json-db/node_modules/node-json-db/Gruntfile.js":{"path":"/home/travis/build/npmtest/node-npmtest-node-json-db/node_modules/node-json-db/Gruntfile.js","s":{"1":1,"2":0,"3":0,"4":0,"5":0,"6":0},"b":{},"f":{"1":0},"fnMap":{"1":{"name":"(anonymous_1)","line":17,"loc":{"start":{"line":17,"column":17},"end":{"line":17,"column":33}}}},"statementMap":{"1":{"start":{"line":17,"column":0},"end":{"line":80,"column":2}},"2":{"start":{"line":20,"column":4},"end":{"line":72,"column":7}},"3":{"start":{"line":74,"column":4},"end":{"line":74,"column":45}},"4":{"start":{"line":75,"column":4},"end":{"line":75,"column":47}},"5":{"start":{"line":77,"column":4},"end":{"line":77,"column":80}},"6":{"start":{"line":78,"column":4},"end":{"line":78,"column":58}}},"branchMap":{},"code":["/**"," * Copyright 2013, 2014 IBM Corp."," *"," * Licensed under the Apache License, Version 2.0 (the \"License\");"," * you may not use this file except in compliance with the License."," * You may obtain a copy of the License at"," *"," * http://www.apache.org/licenses/LICENSE-2.0"," *"," * Unless required by applicable law or agreed to in writing, software"," * distributed under the License is distributed on an \"AS IS\" BASIS,"," * WITHOUT WARRANTIES OR CONDITIONS OF ANY KIND, either express or implied."," * See the License for the specific language governing permissions and"," * limitations under the License."," **/","","module.exports = function(grunt) {","    ","    // Project configuration.","    grunt.initConfig({","            pkg: grunt.file.readJSON('package.json'),","            simplemocha: {","                options: {","                    globals: ['expect'],","                    timeout: 3000,","                    ignoreLeaks: false,","                    ui: 'bdd',","                    reporter: 'tap'","                },","                all: { src: ['test/*.js'] }","            },","            jshint: {","                options: {","                    // http://www.jshint.com/docs/options/","                    \"asi\": true,      // allow missing semicolons","                    \"curly\": true,    // require braces","                    \"eqnull\": true,   // ignore ==null","                    \"forin\": true,    // require property filtering in \"for in\" loops","                    \"immed\": true,    // require immediate functions to be wrapped in ( )","                    \"nonbsp\": true,   // warn on unexpected whitespace breaking chars","                    \"strict\": true, // commented out for now as it causes 100s of warnings, but want to get there eventually","                    \"loopfunc\": true, // allow functions to be defined in loops","                    \"sub\": true       // don't warn that foo['bar'] should be written as foo.bar","                },","                all: [","                    'Gruntfile.js',","                    'JsonDB.js',","                    'lib/*.js'","                ],               ","                lib: {","                    files: {","                        src: [ 'lib/*.js' ]","                    }","                },","                module: {","                    files: {","                        src: [","                            'JsonDB.js'","                        ]","                    }","                },                ","                tests: {","                    files: {","                        src: ['test/*.js']","                    },","                    options: {","                        \"expr\": true","                    }","                }","                ","            }","    });","    ","    grunt.loadNpmTasks('grunt-simple-mocha');","    grunt.loadNpmTasks('grunt-contrib-jshint');","    ","    grunt.registerTask('default', ['jshint:lib','jshint:module','simplemocha']);","    grunt.registerTask('all', ['jshint:tests','default']);","    ","};",""],"l":{"17":1,"20":0,"74":0,"75":0,"77":0,"78":0}}}